  [1m[36m (10.5ms)[0m  [1mCREATE TABLE "schema_migrations" ("version" varchar NOT NULL) [0m
  [1m[35m (0.2ms)[0m  select sqlite_version(*)
  [1m[36m (9.5ms)[0m  [1mCREATE UNIQUE INDEX "unique_schema_migrations" ON "schema_migrations" ("version")[0m
  [1m[35mActiveRecord::SchemaMigration Load (1.6ms)[0m  SELECT "schema_migrations".* FROM "schema_migrations"
Migrating to CreateBreweries (20170114131807)
  [1m[36m (0.1ms)[0m  [1mbegin transaction[0m
  [1m[35m (1.6ms)[0m  CREATE TABLE "breweries" ("id" INTEGER PRIMARY KEY AUTOINCREMENT NOT NULL, "name" varchar, "year" integer, "created_at" datetime NOT NULL, "updated_at" datetime NOT NULL) 
  [1m[36mSQL (0.1ms)[0m  [1mINSERT INTO "schema_migrations" ("version") VALUES (?)[0m  [["version", "20170114131807"]]
  [1m[35m (7.7ms)[0m  commit transaction
Migrating to CreateBeers (20170114133346)
  [1m[36m (0.1ms)[0m  [1mbegin transaction[0m
  [1m[35m (4.2ms)[0m  CREATE TABLE "beers" ("id" INTEGER PRIMARY KEY AUTOINCREMENT NOT NULL, "name" varchar, "style" varchar, "brewery_id" integer, "created_at" datetime NOT NULL, "updated_at" datetime NOT NULL) 
  [1m[36mSQL (0.2ms)[0m  [1mINSERT INTO "schema_migrations" ("version") VALUES (?)[0m  [["version", "20170114133346"]]
  [1m[35m (8.5ms)[0m  commit transaction
Migrating to CreateRatings (20170121161340)
  [1m[36m (0.1ms)[0m  [1mbegin transaction[0m
  [1m[35m (3.5ms)[0m  CREATE TABLE "ratings" ("id" INTEGER PRIMARY KEY AUTOINCREMENT NOT NULL, "score" integer, "beer_id" integer, "created_at" datetime NOT NULL, "updated_at" datetime NOT NULL) 
  [1m[36mSQL (0.1ms)[0m  [1mINSERT INTO "schema_migrations" ("version") VALUES (?)[0m  [["version", "20170121161340"]]
  [1m[35m (7.7ms)[0m  commit transaction
Migrating to CreateUsers (20170127100521)
  [1m[36m (0.1ms)[0m  [1mbegin transaction[0m
  [1m[35m (4.2ms)[0m  CREATE TABLE "users" ("id" INTEGER PRIMARY KEY AUTOINCREMENT NOT NULL, "username" varchar, "created_at" datetime NOT NULL, "updated_at" datetime NOT NULL) 
  [1m[36mSQL (0.1ms)[0m  [1mINSERT INTO "schema_migrations" ("version") VALUES (?)[0m  [["version", "20170127100521"]]
  [1m[35m (9.0ms)[0m  commit transaction
Migrating to AddUserIdToRatings (20170128111422)
  [1m[36m (0.1ms)[0m  [1mbegin transaction[0m
  [1m[35m (4.1ms)[0m  ALTER TABLE "ratings" ADD "user_id" integer
  [1m[36mSQL (0.1ms)[0m  [1mINSERT INTO "schema_migrations" ("version") VALUES (?)[0m  [["version", "20170128111422"]]
  [1m[35m (8.1ms)[0m  commit transaction
Migrating to AddPasswordDigestToUser (20170128122455)
  [1m[36m (0.1ms)[0m  [1mbegin transaction[0m
  [1m[35m (3.8ms)[0m  ALTER TABLE "users" ADD "password_digest" varchar
  [1m[36mSQL (0.1ms)[0m  [1mINSERT INTO "schema_migrations" ("version") VALUES (?)[0m  [["version", "20170128122455"]]
  [1m[35m (7.9ms)[0m  commit transaction
Migrating to CreateBeerClubs (20170128132631)
  [1m[36m (0.0ms)[0m  [1mbegin transaction[0m
  [1m[35m (3.7ms)[0m  CREATE TABLE "beer_clubs" ("id" INTEGER PRIMARY KEY AUTOINCREMENT NOT NULL, "name" varchar, "founded" integer, "city" varchar, "created_at" datetime NOT NULL, "updated_at" datetime NOT NULL) 
  [1m[36mSQL (0.1ms)[0m  [1mINSERT INTO "schema_migrations" ("version") VALUES (?)[0m  [["version", "20170128132631"]]
  [1m[35m (10.5ms)[0m  commit transaction
Migrating to CreateMemberships (20170128132709)
  [1m[36m (0.1ms)[0m  [1mbegin transaction[0m
  [1m[35m (5.1ms)[0m  CREATE TABLE "memberships" ("id" INTEGER PRIMARY KEY AUTOINCREMENT NOT NULL, "beer_club_id" integer, "user_id" integer, "created_at" datetime NOT NULL, "updated_at" datetime NOT NULL) 
  [1m[36mSQL (0.3ms)[0m  [1mINSERT INTO "schema_migrations" ("version") VALUES (?)[0m  [["version", "20170128132709"]]
  [1m[35m (11.6ms)[0m  commit transaction
  [1m[36mActiveRecord::SchemaMigration Load (1.7ms)[0m  [1mSELECT "schema_migrations".* FROM "schema_migrations"[0m


Started GET "/breweries" for ::1 at 2017-02-09 16:02:18 +0200
  [1m[36mActiveRecord::SchemaMigration Load (0.1ms)[0m  [1mSELECT "schema_migrations".* FROM "schema_migrations"[0m
Processing by BreweriesController#index as HTML
  [1m[35m (0.2ms)[0m  SELECT COUNT(*) FROM "breweries"
  [1m[36mBrewery Load (0.2ms)[0m  [1mSELECT "breweries".* FROM "breweries"[0m
  Rendered breweries/index.html.erb within layouts/application (15.8ms)
Completed 200 OK in 3030ms (Views: 2873.5ms | ActiveRecord: 0.7ms)


Started GET "/assets/scaffolds.self-be4c0b92a26121fcedff2d380d17c64f1e0a8d4f8f8b25d541fe028a052d8331.css?body=1" for ::1 at 2017-02-09 16:02:22 +0200


Started GET "/assets/application.self-4f25e5c4f67e2e084a0b163d49048a21f166846d2e456a51f1268372ba7455a6.css?body=1" for ::1 at 2017-02-09 16:02:22 +0200


Started GET "/breweries" for ::1 at 2017-02-09 16:02:27 +0200
Processing by BreweriesController#index as HTML
  [1m[35m (0.6ms)[0m  SELECT COUNT(*) FROM "breweries"
  [1m[36mBrewery Load (0.1ms)[0m  [1mSELECT "breweries".* FROM "breweries"[0m
  Rendered breweries/index.html.erb within layouts/application (1.5ms)
Completed 200 OK in 95ms (Views: 93.7ms | ActiveRecord: 0.7ms)


Started GET "/beers" for ::1 at 2017-02-09 16:02:29 +0200
Processing by BeersController#index as HTML
  [1m[35mBeer Load (0.4ms)[0m  SELECT "beers".* FROM "beers"
  Rendered beers/index.html.erb within layouts/application (4.1ms)
Completed 200 OK in 154ms (Views: 123.1ms | ActiveRecord: 0.7ms)


Started GET "/ratings" for ::1 at 2017-02-09 16:02:30 +0200
Processing by RatingsController#index as HTML
  [1m[36mRating Load (0.3ms)[0m  [1mSELECT "ratings".* FROM "ratings"[0m
  Rendered ratings/index.html.erb within layouts/application (2.5ms)
Completed 200 OK in 106ms (Views: 94.0ms | ActiveRecord: 0.4ms)


Started GET "/users" for ::1 at 2017-02-09 16:02:31 +0200
Processing by UsersController#index as HTML
  [1m[35mUser Load (0.2ms)[0m  SELECT "users".* FROM "users"
  Rendered users/index.html.erb within layouts/application (1.3ms)
Completed 200 OK in 102ms (Views: 89.8ms | ActiveRecord: 0.2ms)


Started GET "/beer_clubs" for ::1 at 2017-02-09 16:02:32 +0200
Processing by BeerClubsController#index as HTML
  [1m[36mBeerClub Load (0.1ms)[0m  [1mSELECT "beer_clubs".* FROM "beer_clubs"[0m
  Rendered beer_clubs/index.html.erb within layouts/application (1.4ms)
Completed 200 OK in 101ms (Views: 90.7ms | ActiveRecord: 0.2ms)


Started GET "/signin" for ::1 at 2017-02-09 16:02:34 +0200
Processing by SessionsController#new as HTML
  Rendered sessions/new.html.erb within layouts/application (2.8ms)
Completed 200 OK in 109ms (Views: 108.2ms | ActiveRecord: 0.0ms)


Started GET "/signup" for ::1 at 2017-02-09 16:02:35 +0200
Processing by UsersController#new as HTML
  Rendered users/_form.html.erb (125.9ms)
  Rendered users/new.html.erb within layouts/application (171.1ms)
Completed 200 OK in 260ms (Views: 254.6ms | ActiveRecord: 0.2ms)
  [1m[36mActiveRecord::SchemaMigration Load (0.2ms)[0m  [1mSELECT "schema_migrations".* FROM "schema_migrations"[0m
  [1m[35m (0.1ms)[0m  begin transaction
  [1m[36mSQL (2.8ms)[0m  [1mINSERT INTO "breweries" ("name", "year", "created_at", "updated_at") VALUES (?, ?, ?, ?)[0m  [["name", "Koff"], ["year", 1897], ["created_at", "2017-02-09 14:05:10.036966"], ["updated_at", "2017-02-09 14:05:10.036966"]]
  [1m[35m (9.4ms)[0m  commit transaction
  [1m[36m (0.2ms)[0m  [1mbegin transaction[0m
  [1m[35mSQL (16.6ms)[0m  INSERT INTO "breweries" ("name", "year", "created_at", "updated_at") VALUES (?, ?, ?, ?)  [["name", "Malmgard"], ["year", 2001], ["created_at", "2017-02-09 14:05:10.057707"], ["updated_at", "2017-02-09 14:05:10.057707"]]
  [1m[36m (9.0ms)[0m  [1mcommit transaction[0m
  [1m[35m (0.1ms)[0m  begin transaction
  [1m[36mSQL (3.6ms)[0m  [1mINSERT INTO "breweries" ("name", "year", "created_at", "updated_at") VALUES (?, ?, ?, ?)[0m  [["name", "Weihenstephaner"], ["year", 1042], ["created_at", "2017-02-09 14:05:10.085408"], ["updated_at", "2017-02-09 14:05:10.085408"]]
  [1m[35m (7.9ms)[0m  commit transaction
  [1m[36m (0.1ms)[0m  [1mbegin transaction[0m
  [1m[35mSQL (1.7ms)[0m  INSERT INTO "beers" ("name", "style", "brewery_id", "created_at", "updated_at") VALUES (?, ?, ?, ?, ?)  [["name", "Iso 3"], ["style", "Lager"], ["brewery_id", 1], ["created_at", "2017-02-09 14:05:10.231537"], ["updated_at", "2017-02-09 14:05:10.231537"]]
  [1m[36m (8.5ms)[0m  [1mcommit transaction[0m
  [1m[35m (0.0ms)[0m  begin transaction
  [1m[36mSQL (3.4ms)[0m  [1mINSERT INTO "beers" ("name", "style", "brewery_id", "created_at", "updated_at") VALUES (?, ?, ?, ?, ?)[0m  [["name", "Karhu"], ["style", "Lager"], ["brewery_id", 1], ["created_at", "2017-02-09 14:05:10.244412"], ["updated_at", "2017-02-09 14:05:10.244412"]]
  [1m[35m (9.7ms)[0m  commit transaction
  [1m[36m (0.0ms)[0m  [1mbegin transaction[0m
  [1m[35mSQL (3.7ms)[0m  INSERT INTO "beers" ("name", "style", "brewery_id", "created_at", "updated_at") VALUES (?, ?, ?, ?, ?)  [["name", "Tuplahumala"], ["style", "Lager"], ["brewery_id", 1], ["created_at", "2017-02-09 14:05:10.260083"], ["updated_at", "2017-02-09 14:05:10.260083"]]
  [1m[36m (10.3ms)[0m  [1mcommit transaction[0m
  [1m[35m (0.1ms)[0m  begin transaction
  [1m[36mSQL (12.0ms)[0m  [1mINSERT INTO "beers" ("name", "style", "brewery_id", "created_at", "updated_at") VALUES (?, ?, ?, ?, ?)[0m  [["name", "Huvila Pale Ale"], ["style", "Pale Ale"], ["brewery_id", 2], ["created_at", "2017-02-09 14:05:10.276875"], ["updated_at", "2017-02-09 14:05:10.276875"]]
  [1m[35m (11.1ms)[0m  commit transaction
  [1m[36m (0.1ms)[0m  [1mbegin transaction[0m
  [1m[35mSQL (4.2ms)[0m  INSERT INTO "beers" ("name", "style", "brewery_id", "created_at", "updated_at") VALUES (?, ?, ?, ?, ?)  [["name", "X Porter"], ["style", "Porter"], ["brewery_id", 2], ["created_at", "2017-02-09 14:05:10.304245"], ["updated_at", "2017-02-09 14:05:10.304245"]]
  [1m[36m (9.6ms)[0m  [1mcommit transaction[0m
  [1m[35m (0.1ms)[0m  begin transaction
  [1m[36mSQL (3.8ms)[0m  [1mINSERT INTO "beers" ("name", "style", "brewery_id", "created_at", "updated_at") VALUES (?, ?, ?, ?, ?)[0m  [["name", "Hefeweizen"], ["style", "Weizen"], ["brewery_id", 3], ["created_at", "2017-02-09 14:05:10.321938"], ["updated_at", "2017-02-09 14:05:10.321938"]]
  [1m[35m (9.5ms)[0m  commit transaction
  [1m[36m (0.1ms)[0m  [1mbegin transaction[0m
  [1m[35mSQL (5.0ms)[0m  INSERT INTO "beers" ("name", "style", "brewery_id", "created_at", "updated_at") VALUES (?, ?, ?, ?, ?)  [["name", "Helles"], ["style", "Lager"], ["brewery_id", 3], ["created_at", "2017-02-09 14:05:10.338078"], ["updated_at", "2017-02-09 14:05:10.338078"]]
  [1m[36m (11.1ms)[0m  [1mcommit transaction[0m


Started GET "/breweries" for ::1 at 2017-02-09 16:05:54 +0200
  [1m[36mActiveRecord::SchemaMigration Load (0.1ms)[0m  [1mSELECT "schema_migrations".* FROM "schema_migrations"[0m
Processing by BreweriesController#index as HTML
  [1m[35m (0.1ms)[0m  SELECT COUNT(*) FROM "breweries"
  [1m[36mBrewery Load (0.2ms)[0m  [1mSELECT "breweries".* FROM "breweries"[0m
  Rendered breweries/index.html.erb within layouts/application (12.2ms)
Completed 200 OK in 1813ms (Views: 1758.5ms | ActiveRecord: 0.8ms)


Started GET "/breweries" for ::1 at 2017-02-09 16:05:56 +0200
Processing by BreweriesController#index as HTML
  [1m[35m (0.2ms)[0m  SELECT COUNT(*) FROM "breweries"
  [1m[36mBrewery Load (0.2ms)[0m  [1mSELECT "breweries".* FROM "breweries"[0m
  Rendered breweries/index.html.erb within layouts/application (3.0ms)
Completed 200 OK in 177ms (Views: 175.6ms | ActiveRecord: 0.4ms)


Started GET "/beers" for ::1 at 2017-02-09 16:06:00 +0200
Processing by BeersController#index as HTML
  [1m[35mBeer Load (0.4ms)[0m  SELECT "beers".* FROM "beers"
  [1m[36mBrewery Load (0.3ms)[0m  [1mSELECT  "breweries".* FROM "breweries" WHERE "breweries"."id" = ? LIMIT 1[0m  [["id", 1]]
  [1m[35mCACHE (0.0ms)[0m  SELECT  "breweries".* FROM "breweries" WHERE "breweries"."id" = ? LIMIT 1  [["id", 1]]
  [1m[36mCACHE (0.0ms)[0m  [1mSELECT  "breweries".* FROM "breweries" WHERE "breweries"."id" = ? LIMIT 1[0m  [["id", 1]]
  [1m[35mBrewery Load (0.1ms)[0m  SELECT  "breweries".* FROM "breweries" WHERE "breweries"."id" = ? LIMIT 1  [["id", 2]]
  [1m[36mCACHE (0.0ms)[0m  [1mSELECT  "breweries".* FROM "breweries" WHERE "breweries"."id" = ? LIMIT 1[0m  [["id", 2]]
  [1m[35mBrewery Load (0.1ms)[0m  SELECT  "breweries".* FROM "breweries" WHERE "breweries"."id" = ? LIMIT 1  [["id", 3]]
  [1m[36mCACHE (0.0ms)[0m  [1mSELECT  "breweries".* FROM "breweries" WHERE "breweries"."id" = ? LIMIT 1[0m  [["id", 3]]
  Rendered beers/index.html.erb within layouts/application (73.3ms)
Completed 200 OK in 223ms (Views: 158.9ms | ActiveRecord: 1.5ms)


Started GET "/ratings" for ::1 at 2017-02-09 16:06:04 +0200
Processing by RatingsController#index as HTML
  [1m[35mRating Load (0.9ms)[0m  SELECT "ratings".* FROM "ratings"
  Rendered ratings/index.html.erb within layouts/application (2.3ms)
Completed 200 OK in 135ms (Views: 129.8ms | ActiveRecord: 1.0ms)


Started GET "/users" for ::1 at 2017-02-09 16:06:07 +0200
Processing by UsersController#index as HTML
  [1m[36mUser Load (0.3ms)[0m  [1mSELECT "users".* FROM "users"[0m
  Rendered users/index.html.erb within layouts/application (2.2ms)
Completed 200 OK in 102ms (Views: 94.3ms | ActiveRecord: 0.4ms)


Started GET "/beer_clubs" for ::1 at 2017-02-09 16:06:08 +0200
Processing by BeerClubsController#index as HTML
  [1m[35mBeerClub Load (0.2ms)[0m  SELECT "beer_clubs".* FROM "beer_clubs"
  Rendered beer_clubs/index.html.erb within layouts/application (1.7ms)
Completed 200 OK in 94ms (Views: 88.0ms | ActiveRecord: 0.2ms)


Started GET "/signin" for ::1 at 2017-02-09 16:06:09 +0200
Processing by SessionsController#new as HTML
  Rendered sessions/new.html.erb within layouts/application (0.7ms)
Completed 200 OK in 46ms (Views: 45.4ms | ActiveRecord: 0.0ms)


Started GET "/signup" for ::1 at 2017-02-09 16:06:10 +0200
Processing by UsersController#new as HTML
  Rendered users/_form.html.erb (63.4ms)
  Rendered users/new.html.erb within layouts/application (71.6ms)
Completed 200 OK in 145ms (Views: 142.0ms | ActiveRecord: 0.1ms)


Started GET "/users" for ::1 at 2017-02-09 16:06:11 +0200
Processing by UsersController#index as HTML
  [1m[36mUser Load (0.5ms)[0m  [1mSELECT "users".* FROM "users"[0m
  Rendered users/index.html.erb within layouts/application (0.9ms)
Completed 200 OK in 84ms (Views: 82.7ms | ActiveRecord: 0.5ms)


Started GET "/users" for ::1 at 2017-02-09 16:06:14 +0200
Processing by UsersController#index as HTML
  [1m[35mUser Load (0.1ms)[0m  SELECT "users".* FROM "users"
  Rendered users/index.html.erb within layouts/application (0.8ms)
Completed 200 OK in 65ms (Views: 64.2ms | ActiveRecord: 0.1ms)


Started GET "/signup" for ::1 at 2017-02-09 16:06:17 +0200
Processing by UsersController#new as HTML
  Rendered users/_form.html.erb (2.5ms)
  Rendered users/new.html.erb within layouts/application (3.6ms)
Completed 200 OK in 68ms (Views: 67.1ms | ActiveRecord: 0.0ms)


Started POST "/users" for ::1 at 2017-02-09 16:06:46 +0200
Processing by UsersController#create as HTML
  Parameters: {"utf8"=>"✓", "authenticity_token"=>"3M2VQ6UOwOT2Ntgq+NScMB8rHU05XB+Hpp4jNQ0gSUQVKrCz5gkEP16rlmgpyh7ZM101Jpc/6C47wsiK4SV3lA==", "user"=>{"username"=>"testi1", "password"=>"[FILTERED]", "password_confirmation"=>"[FILTERED]"}, "commit"=>"Create User"}
  [1m[36m (0.1ms)[0m  [1mbegin transaction[0m
  [1m[35mUser Exists (0.1ms)[0m  SELECT  1 AS one FROM "users" WHERE "users"."username" = 'testi1' LIMIT 1
  [1m[36mSQL (2.1ms)[0m  [1mINSERT INTO "users" ("username", "password_digest", "created_at", "updated_at") VALUES (?, ?, ?, ?)[0m  [["username", "testi1"], ["password_digest", "$2a$10$zjSQTlJqxgSuz3R18BSzD.u9kCPLq/Cl4jyNrqzKnBV4/wFE5AWa."], ["created_at", "2017-02-09 14:06:46.506181"], ["updated_at", "2017-02-09 14:06:46.506181"]]
  [1m[35m (10.1ms)[0m  commit transaction
Redirected to http://localhost:3000/users/1
Completed 302 Found in 136ms (ActiveRecord: 12.4ms)


Started GET "/users/1" for ::1 at 2017-02-09 16:06:46 +0200
Processing by UsersController#show as HTML
  Parameters: {"id"=>"1"}
  [1m[36mUser Load (1.6ms)[0m  [1mSELECT  "users".* FROM "users" WHERE "users"."id" = ? LIMIT 1[0m  [["id", 1]]
  [1m[35m (1.4ms)[0m  SELECT COUNT(*) FROM "ratings" WHERE "ratings"."user_id" = ?  [["user_id", 1]]
  [1m[36mBeerClub Exists (0.1ms)[0m  [1mSELECT  1 AS one FROM "beer_clubs" INNER JOIN "memberships" ON "beer_clubs"."id" = "memberships"."beer_club_id" WHERE "memberships"."user_id" = ? LIMIT 1[0m  [["user_id", 1]]
  [1m[35mRating Exists (0.1ms)[0m  SELECT  1 AS one FROM "ratings" WHERE "ratings"."user_id" = ? LIMIT 1  [["user_id", 1]]
  Rendered users/show.html.erb within layouts/application (85.4ms)
Completed 200 OK in 255ms (Views: 217.0ms | ActiveRecord: 3.6ms)


Started GET "/signup" for ::1 at 2017-02-09 16:06:52 +0200
Processing by UsersController#new as HTML
  Rendered users/_form.html.erb (1.3ms)
  Rendered users/new.html.erb within layouts/application (3.6ms)
Completed 200 OK in 90ms (Views: 89.1ms | ActiveRecord: 0.0ms)


Started POST "/users" for ::1 at 2017-02-09 16:07:14 +0200
Processing by UsersController#create as HTML
  Parameters: {"utf8"=>"✓", "authenticity_token"=>"hosUXtG4UbzHpOrRcGgjMUc5vtMltS07BJwoUfpUNq1PbDGukr+VZ285pJOhdqHYa0+WuIvW2pKZwMPuFlEIfQ==", "user"=>{"username"=>"testi2", "password"=>"[FILTERED]", "password_confirmation"=>"[FILTERED]"}, "commit"=>"Create User"}
  [1m[36m (0.1ms)[0m  [1mbegin transaction[0m
  [1m[35mUser Exists (0.1ms)[0m  SELECT  1 AS one FROM "users" WHERE "users"."username" = 'testi2' LIMIT 1
  [1m[36mSQL (3.3ms)[0m  [1mINSERT INTO "users" ("username", "password_digest", "created_at", "updated_at") VALUES (?, ?, ?, ?)[0m  [["username", "testi2"], ["password_digest", "$2a$10$QmKvP6UVpFUqot0sYEQz0OQFSUjS/51UFOppKidz2E.r/k9H3/RLi"], ["created_at", "2017-02-09 14:07:14.862493"], ["updated_at", "2017-02-09 14:07:14.862493"]]
  [1m[35m (10.1ms)[0m  commit transaction
Redirected to http://localhost:3000/users/2
Completed 302 Found in 80ms (ActiveRecord: 13.6ms)


Started GET "/users/2" for ::1 at 2017-02-09 16:07:14 +0200
Processing by UsersController#show as HTML
  Parameters: {"id"=>"2"}
  [1m[36mUser Load (1.9ms)[0m  [1mSELECT  "users".* FROM "users" WHERE "users"."id" = ? LIMIT 1[0m  [["id", 2]]
  [1m[35m (1.1ms)[0m  SELECT COUNT(*) FROM "ratings" WHERE "ratings"."user_id" = ?  [["user_id", 2]]
  [1m[36mBeerClub Exists (0.1ms)[0m  [1mSELECT  1 AS one FROM "beer_clubs" INNER JOIN "memberships" ON "beer_clubs"."id" = "memberships"."beer_club_id" WHERE "memberships"."user_id" = ? LIMIT 1[0m  [["user_id", 2]]
  [1m[35mRating Exists (0.1ms)[0m  SELECT  1 AS one FROM "ratings" WHERE "ratings"."user_id" = ? LIMIT 1  [["user_id", 2]]
  Rendered users/show.html.erb within layouts/application (4.6ms)
Completed 200 OK in 124ms (Views: 119.6ms | ActiveRecord: 3.2ms)


Started GET "/signup" for ::1 at 2017-02-09 16:07:16 +0200
Processing by UsersController#new as HTML
  Rendered users/_form.html.erb (1.3ms)
  Rendered users/new.html.erb within layouts/application (2.9ms)
Completed 200 OK in 108ms (Views: 107.7ms | ActiveRecord: 0.0ms)


Started POST "/users" for ::1 at 2017-02-09 16:07:40 +0200
Processing by UsersController#create as HTML
  Parameters: {"utf8"=>"✓", "authenticity_token"=>"ygSBrnhlJX2YzlIeCfrnai/PpytEMVEE2Sr7pb8ZsDUD46ReO2LhpjBTHFzY5GWDA7mPQOpSpq1EdhAaUxyO5Q==", "user"=>{"username"=>"testi3", "password"=>"[FILTERED]", "password_confirmation"=>"[FILTERED]"}, "commit"=>"Create User"}
  [1m[36m (0.1ms)[0m  [1mbegin transaction[0m
  [1m[35mUser Exists (0.1ms)[0m  SELECT  1 AS one FROM "users" WHERE "users"."username" = 'testi3' LIMIT 1
  [1m[36mSQL (1.2ms)[0m  [1mINSERT INTO "users" ("username", "password_digest", "created_at", "updated_at") VALUES (?, ?, ?, ?)[0m  [["username", "testi3"], ["password_digest", "$2a$10$ULeyrLUjDaPHUR5LAx/tVOcD72B2vwiPgLPUj47NrfiUp/HgIGSFO"], ["created_at", "2017-02-09 14:07:40.142267"], ["updated_at", "2017-02-09 14:07:40.142267"]]
  [1m[35m (9.1ms)[0m  commit transaction
Redirected to http://localhost:3000/users/3
Completed 302 Found in 69ms (ActiveRecord: 10.5ms)


Started GET "/users/3" for ::1 at 2017-02-09 16:07:40 +0200
Processing by UsersController#show as HTML
  Parameters: {"id"=>"3"}
  [1m[36mUser Load (1.6ms)[0m  [1mSELECT  "users".* FROM "users" WHERE "users"."id" = ? LIMIT 1[0m  [["id", 3]]
  [1m[35m (1.2ms)[0m  SELECT COUNT(*) FROM "ratings" WHERE "ratings"."user_id" = ?  [["user_id", 3]]
  [1m[36mBeerClub Exists (0.1ms)[0m  [1mSELECT  1 AS one FROM "beer_clubs" INNER JOIN "memberships" ON "beer_clubs"."id" = "memberships"."beer_club_id" WHERE "memberships"."user_id" = ? LIMIT 1[0m  [["user_id", 3]]
  [1m[35mRating Exists (0.1ms)[0m  SELECT  1 AS one FROM "ratings" WHERE "ratings"."user_id" = ? LIMIT 1  [["user_id", 3]]
  Rendered users/show.html.erb within layouts/application (4.5ms)
Completed 200 OK in 82ms (Views: 78.2ms | ActiveRecord: 3.0ms)


Started GET "/signin" for ::1 at 2017-02-09 16:07:44 +0200
Processing by SessionsController#new as HTML
  Rendered sessions/new.html.erb within layouts/application (0.5ms)
Completed 200 OK in 67ms (Views: 66.4ms | ActiveRecord: 0.0ms)


Started POST "/session" for ::1 at 2017-02-09 16:08:07 +0200
Processing by SessionsController#create as HTML
  Parameters: {"utf8"=>"✓", "authenticity_token"=>"KeZtiQwIjyGqFK4y+JwqBKRRKeIGkOF/WTl1/00S1gTgAUh5Tw9L+gKJ4HApgqjtiCcBiajzFtbEZZ5AoRfo1A==", "username"=>"testi1", "password"=>"[FILTERED]", "commit"=>"Log in"}
  [1m[36mUser Load (0.3ms)[0m  [1mSELECT  "users".* FROM "users" WHERE "users"."username" = ? LIMIT 1[0m  [["username", "testi1"]]
Redirected to http://localhost:3000/users/1
Completed 302 Found in 65ms (ActiveRecord: 0.3ms)


Started GET "/users/1" for ::1 at 2017-02-09 16:08:07 +0200
Processing by UsersController#show as HTML
  Parameters: {"id"=>"1"}
  [1m[35mUser Load (0.2ms)[0m  SELECT  "users".* FROM "users" WHERE "users"."id" = ? LIMIT 1  [["id", 1]]
  [1m[36m (0.2ms)[0m  [1mSELECT COUNT(*) FROM "ratings" WHERE "ratings"."user_id" = ?[0m  [["user_id", 1]]
  [1m[35mBeerClub Exists (0.1ms)[0m  SELECT  1 AS one FROM "beer_clubs" INNER JOIN "memberships" ON "beer_clubs"."id" = "memberships"."beer_club_id" WHERE "memberships"."user_id" = ? LIMIT 1  [["user_id", 1]]
  [1m[36mRating Exists (0.1ms)[0m  [1mSELECT  1 AS one FROM "ratings" WHERE "ratings"."user_id" = ? LIMIT 1[0m  [["user_id", 1]]
  [1m[35mUser Load (0.1ms)[0m  SELECT  "users".* FROM "users" WHERE "users"."id" = ? LIMIT 1  [["id", 1]]
  Rendered users/show.html.erb within layouts/application (4.8ms)
  [1m[36mCACHE (0.0ms)[0m  [1mSELECT  "users".* FROM "users" WHERE "users"."id" = ? LIMIT 1[0m  [["id", 1]]
  [1m[35mCACHE (0.0ms)[0m  SELECT  "users".* FROM "users" WHERE "users"."id" = ? LIMIT 1  [["id", 1]]
  [1m[36mCACHE (0.0ms)[0m  [1mSELECT  "users".* FROM "users" WHERE "users"."id" = ? LIMIT 1[0m  [["id", 1]]
Completed 200 OK in 129ms (Views: 126.6ms | ActiveRecord: 0.7ms)


Started GET "/ratings" for ::1 at 2017-02-09 16:08:12 +0200
Processing by RatingsController#index as HTML
  [1m[35mRating Load (0.2ms)[0m  SELECT "ratings".* FROM "ratings"
  Rendered ratings/index.html.erb within layouts/application (0.8ms)
  [1m[36mUser Load (0.1ms)[0m  [1mSELECT  "users".* FROM "users" WHERE "users"."id" = ? LIMIT 1[0m  [["id", 1]]
  [1m[35mCACHE (0.0ms)[0m  SELECT  "users".* FROM "users" WHERE "users"."id" = ? LIMIT 1  [["id", 1]]
  [1m[36mCACHE (0.0ms)[0m  [1mSELECT  "users".* FROM "users" WHERE "users"."id" = ? LIMIT 1[0m  [["id", 1]]
Completed 200 OK in 116ms (Views: 114.6ms | ActiveRecord: 0.3ms)


Started GET "/ratings/new" for ::1 at 2017-02-09 16:08:14 +0200
Processing by RatingsController#new as HTML
  [1m[35mBeer Load (0.2ms)[0m  SELECT "beers".* FROM "beers"
  [1m[36mBrewery Load (0.1ms)[0m  [1mSELECT  "breweries".* FROM "breweries" WHERE "breweries"."id" = ? LIMIT 1[0m  [["id", 1]]
  [1m[35mCACHE (0.0ms)[0m  SELECT  "breweries".* FROM "breweries" WHERE "breweries"."id" = ? LIMIT 1  [["id", 1]]
  [1m[36mCACHE (0.0ms)[0m  [1mSELECT  "breweries".* FROM "breweries" WHERE "breweries"."id" = ? LIMIT 1[0m  [["id", 1]]
  [1m[35mBrewery Load (0.1ms)[0m  SELECT  "breweries".* FROM "breweries" WHERE "breweries"."id" = ? LIMIT 1  [["id", 2]]
  [1m[36mCACHE (0.0ms)[0m  [1mSELECT  "breweries".* FROM "breweries" WHERE "breweries"."id" = ? LIMIT 1[0m  [["id", 2]]
  [1m[35mBrewery Load (0.1ms)[0m  SELECT  "breweries".* FROM "breweries" WHERE "breweries"."id" = ? LIMIT 1  [["id", 3]]
  [1m[36mCACHE (0.0ms)[0m  [1mSELECT  "breweries".* FROM "breweries" WHERE "breweries"."id" = ? LIMIT 1[0m  [["id", 3]]
  Rendered ratings/new.html.erb within layouts/application (101.1ms)
  [1m[35mUser Load (0.1ms)[0m  SELECT  "users".* FROM "users" WHERE "users"."id" = ? LIMIT 1  [["id", 1]]
  [1m[36mCACHE (0.0ms)[0m  [1mSELECT  "users".* FROM "users" WHERE "users"."id" = ? LIMIT 1[0m  [["id", 1]]
  [1m[35mCACHE (0.0ms)[0m  SELECT  "users".* FROM "users" WHERE "users"."id" = ? LIMIT 1  [["id", 1]]
Completed 200 OK in 189ms (Views: 184.4ms | ActiveRecord: 0.7ms)


Started POST "/ratings" for ::1 at 2017-02-09 16:08:19 +0200
Processing by RatingsController#create as HTML
  Parameters: {"utf8"=>"✓", "authenticity_token"=>"vsY+7Z/vH6068E+698knxXe8jxrhiR7mV36jgAaBO8N3IRsd3OjbdpJtAfgm16UsW8qncU/q6U/KIkg/6oQFEw==", "rating"=>{"beer_id"=>"1", "score"=>"11"}, "commit"=>"Create Rating"}
  [1m[36m (0.1ms)[0m  [1mbegin transaction[0m
  [1m[35mSQL (2.1ms)[0m  INSERT INTO "ratings" ("score", "beer_id", "created_at", "updated_at") VALUES (?, ?, ?, ?)  [["score", 11], ["beer_id", 1], ["created_at", "2017-02-09 14:08:19.484747"], ["updated_at", "2017-02-09 14:08:19.484747"]]
  [1m[36m (12.9ms)[0m  [1mcommit transaction[0m
  [1m[35m (0.1ms)[0m  begin transaction
  [1m[36m (0.0ms)[0m  [1mcommit transaction[0m
  [1m[35mUser Load (1.6ms)[0m  SELECT  "users".* FROM "users" WHERE "users"."id" = ? LIMIT 1  [["id", 1]]
  [1m[36m (0.0ms)[0m  [1mbegin transaction[0m
  [1m[35mSQL (3.2ms)[0m  UPDATE "ratings" SET "user_id" = ?, "updated_at" = ? WHERE "ratings"."id" = ?  [["user_id", 1], ["updated_at", "2017-02-09 14:08:19.511315"], ["id", 1]]
  [1m[36m (9.4ms)[0m  [1mcommit transaction[0m
  [1m[35mUser Load (2.6ms)[0m  SELECT  "users".* FROM "users" WHERE "users"."id" = ? LIMIT 1  [["id", 1]]
Redirected to http://localhost:3000/users/1
Completed 302 Found in 46ms (ActiveRecord: 32.0ms)


Started GET "/users/1" for ::1 at 2017-02-09 16:08:19 +0200
Processing by UsersController#show as HTML
  Parameters: {"id"=>"1"}
  [1m[36mUser Load (0.2ms)[0m  [1mSELECT  "users".* FROM "users" WHERE "users"."id" = ? LIMIT 1[0m  [["id", 1]]
  [1m[35m (0.1ms)[0m  SELECT COUNT(*) FROM "ratings" WHERE "ratings"."user_id" = ?  [["user_id", 1]]
  [1m[36mBeerClub Exists (0.1ms)[0m  [1mSELECT  1 AS one FROM "beer_clubs" INNER JOIN "memberships" ON "beer_clubs"."id" = "memberships"."beer_club_id" WHERE "memberships"."user_id" = ? LIMIT 1[0m  [["user_id", 1]]
  [1m[35mRating Exists (0.1ms)[0m  SELECT  1 AS one FROM "ratings" WHERE "ratings"."user_id" = ? LIMIT 1  [["user_id", 1]]
  [1m[36mRating Load (0.2ms)[0m  [1mSELECT "ratings".* FROM "ratings" WHERE "ratings"."user_id" = ?[0m  [["user_id", 1]]
  [1m[35mCACHE (0.0ms)[0m  SELECT COUNT(*) FROM "ratings" WHERE "ratings"."user_id" = ?  [["user_id", 1]]
  [1m[36mBeer Load (0.2ms)[0m  [1mSELECT  "beers".* FROM "beers" WHERE "beers"."id" = ? LIMIT 1[0m  [["id", 1]]
  [1m[35mUser Load (0.1ms)[0m  SELECT  "users".* FROM "users" WHERE "users"."id" = ? LIMIT 1  [["id", 1]]
  [1m[36mCACHE (0.0ms)[0m  [1mSELECT  "users".* FROM "users" WHERE "users"."id" = ? LIMIT 1[0m  [["id", 1]]
  Rendered users/show.html.erb within layouts/application (10.6ms)
  [1m[35mCACHE (0.0ms)[0m  SELECT  "users".* FROM "users" WHERE "users"."id" = ? LIMIT 1  [["id", 1]]
  [1m[36mCACHE (0.0ms)[0m  [1mSELECT  "users".* FROM "users" WHERE "users"."id" = ? LIMIT 1[0m  [["id", 1]]
  [1m[35mCACHE (0.0ms)[0m  SELECT  "users".* FROM "users" WHERE "users"."id" = ? LIMIT 1  [["id", 1]]
Completed 200 OK in 87ms (Views: 84.3ms | ActiveRecord: 1.2ms)


Started GET "/ratings" for ::1 at 2017-02-09 16:08:27 +0200
Processing by RatingsController#index as HTML
  [1m[36mRating Load (0.1ms)[0m  [1mSELECT "ratings".* FROM "ratings"[0m
  [1m[35mBeer Load (0.1ms)[0m  SELECT  "beers".* FROM "beers" WHERE "beers"."id" = ? LIMIT 1  [["id", 1]]
  [1m[36mUser Load (0.1ms)[0m  [1mSELECT  "users".* FROM "users" WHERE "users"."id" = ? LIMIT 1[0m  [["id", 1]]
  Rendered ratings/index.html.erb within layouts/application (1.9ms)
  [1m[35mCACHE (0.0ms)[0m  SELECT  "users".* FROM "users" WHERE "users"."id" = ? LIMIT 1  [["id", 1]]
  [1m[36mCACHE (0.0ms)[0m  [1mSELECT  "users".* FROM "users" WHERE "users"."id" = ? LIMIT 1[0m  [["id", 1]]
  [1m[35mCACHE (0.0ms)[0m  SELECT  "users".* FROM "users" WHERE "users"."id" = ? LIMIT 1  [["id", 1]]
Completed 200 OK in 51ms (Views: 49.9ms | ActiveRecord: 0.3ms)


Started GET "/ratings/new" for ::1 at 2017-02-09 16:08:29 +0200
Processing by RatingsController#new as HTML
  [1m[36mBeer Load (0.1ms)[0m  [1mSELECT "beers".* FROM "beers"[0m
  [1m[35mBrewery Load (0.1ms)[0m  SELECT  "breweries".* FROM "breweries" WHERE "breweries"."id" = ? LIMIT 1  [["id", 1]]
  [1m[36mCACHE (0.0ms)[0m  [1mSELECT  "breweries".* FROM "breweries" WHERE "breweries"."id" = ? LIMIT 1[0m  [["id", 1]]
  [1m[35mCACHE (0.0ms)[0m  SELECT  "breweries".* FROM "breweries" WHERE "breweries"."id" = ? LIMIT 1  [["id", 1]]
  [1m[36mBrewery Load (0.0ms)[0m  [1mSELECT  "breweries".* FROM "breweries" WHERE "breweries"."id" = ? LIMIT 1[0m  [["id", 2]]
  [1m[35mCACHE (0.0ms)[0m  SELECT  "breweries".* FROM "breweries" WHERE "breweries"."id" = ? LIMIT 1  [["id", 2]]
  [1m[36mBrewery Load (0.0ms)[0m  [1mSELECT  "breweries".* FROM "breweries" WHERE "breweries"."id" = ? LIMIT 1[0m  [["id", 3]]
  [1m[35mCACHE (0.0ms)[0m  SELECT  "breweries".* FROM "breweries" WHERE "breweries"."id" = ? LIMIT 1  [["id", 3]]
  Rendered ratings/new.html.erb within layouts/application (3.5ms)
  [1m[36mUser Load (0.1ms)[0m  [1mSELECT  "users".* FROM "users" WHERE "users"."id" = ? LIMIT 1[0m  [["id", 1]]
  [1m[35mCACHE (0.0ms)[0m  SELECT  "users".* FROM "users" WHERE "users"."id" = ? LIMIT 1  [["id", 1]]
  [1m[36mCACHE (0.0ms)[0m  [1mSELECT  "users".* FROM "users" WHERE "users"."id" = ? LIMIT 1[0m  [["id", 1]]
Completed 200 OK in 61ms (Views: 60.4ms | ActiveRecord: 0.4ms)


Started POST "/ratings" for ::1 at 2017-02-09 16:08:36 +0200
Processing by RatingsController#create as HTML
  Parameters: {"utf8"=>"✓", "authenticity_token"=>"aod6P30/RZ6xN4K4UbGF36ftPczYTj/gI4xPIMn03wCjYF/PPjiBRRmqzPqArwc2i5sVp3YtyEm+0KSfJfHh0A==", "rating"=>{"beer_id"=>"1", "score"=>"22"}, "commit"=>"Create Rating"}
  [1m[35m (0.1ms)[0m  begin transaction
  [1m[36mSQL (2.9ms)[0m  [1mINSERT INTO "ratings" ("score", "beer_id", "created_at", "updated_at") VALUES (?, ?, ?, ?)[0m  [["score", 22], ["beer_id", 1], ["created_at", "2017-02-09 14:08:36.918175"], ["updated_at", "2017-02-09 14:08:36.918175"]]
  [1m[35m (9.6ms)[0m  commit transaction
  [1m[36m (0.1ms)[0m  [1mbegin transaction[0m
  [1m[35m (0.1ms)[0m  commit transaction
  [1m[36mUser Load (2.4ms)[0m  [1mSELECT  "users".* FROM "users" WHERE "users"."id" = ? LIMIT 1[0m  [["id", 1]]
  [1m[35m (0.1ms)[0m  begin transaction
  [1m[36mSQL (4.0ms)[0m  [1mUPDATE "ratings" SET "user_id" = ?, "updated_at" = ? WHERE "ratings"."id" = ?[0m  [["user_id", 1], ["updated_at", "2017-02-09 14:08:36.937298"], ["id", 2]]
  [1m[35m (9.7ms)[0m  commit transaction
  [1m[36mUser Load (2.5ms)[0m  [1mSELECT  "users".* FROM "users" WHERE "users"."id" = ? LIMIT 1[0m  [["id", 1]]
Redirected to http://localhost:3000/users/1
Completed 302 Found in 39ms (ActiveRecord: 31.4ms)


Started GET "/users/1" for ::1 at 2017-02-09 16:08:36 +0200
Processing by UsersController#show as HTML
  Parameters: {"id"=>"1"}
  [1m[35mUser Load (0.2ms)[0m  SELECT  "users".* FROM "users" WHERE "users"."id" = ? LIMIT 1  [["id", 1]]
  [1m[36m (0.1ms)[0m  [1mSELECT COUNT(*) FROM "ratings" WHERE "ratings"."user_id" = ?[0m  [["user_id", 1]]
  [1m[35mBeerClub Exists (0.1ms)[0m  SELECT  1 AS one FROM "beer_clubs" INNER JOIN "memberships" ON "beer_clubs"."id" = "memberships"."beer_club_id" WHERE "memberships"."user_id" = ? LIMIT 1  [["user_id", 1]]
  [1m[36mRating Exists (0.1ms)[0m  [1mSELECT  1 AS one FROM "ratings" WHERE "ratings"."user_id" = ? LIMIT 1[0m  [["user_id", 1]]
  [1m[35mRating Load (0.1ms)[0m  SELECT "ratings".* FROM "ratings" WHERE "ratings"."user_id" = ?  [["user_id", 1]]
  [1m[36mCACHE (0.0ms)[0m  [1mSELECT COUNT(*) FROM "ratings" WHERE "ratings"."user_id" = ?[0m  [["user_id", 1]]
  [1m[35mBeer Load (0.1ms)[0m  SELECT  "beers".* FROM "beers" WHERE "beers"."id" = ? LIMIT 1  [["id", 1]]
  [1m[36mUser Load (0.1ms)[0m  [1mSELECT  "users".* FROM "users" WHERE "users"."id" = ? LIMIT 1[0m  [["id", 1]]
  [1m[35mCACHE (0.0ms)[0m  SELECT  "beers".* FROM "beers" WHERE "beers"."id" = ? LIMIT 1  [["id", 1]]
  [1m[36mCACHE (0.0ms)[0m  [1mSELECT  "users".* FROM "users" WHERE "users"."id" = ? LIMIT 1[0m  [["id", 1]]
  [1m[35mCACHE (0.0ms)[0m  SELECT  "users".* FROM "users" WHERE "users"."id" = ? LIMIT 1  [["id", 1]]
  Rendered users/show.html.erb within layouts/application (8.0ms)
  [1m[36mCACHE (0.0ms)[0m  [1mSELECT  "users".* FROM "users" WHERE "users"."id" = ? LIMIT 1[0m  [["id", 1]]
  [1m[35mCACHE (0.0ms)[0m  SELECT  "users".* FROM "users" WHERE "users"."id" = ? LIMIT 1  [["id", 1]]
  [1m[36mCACHE (0.0ms)[0m  [1mSELECT  "users".* FROM "users" WHERE "users"."id" = ? LIMIT 1[0m  [["id", 1]]
Completed 200 OK in 86ms (Views: 84.4ms | ActiveRecord: 0.9ms)


Started GET "/ratings" for ::1 at 2017-02-09 16:08:39 +0200
Processing by RatingsController#index as HTML
  [1m[35mRating Load (0.1ms)[0m  SELECT "ratings".* FROM "ratings"
  [1m[36mBeer Load (0.1ms)[0m  [1mSELECT  "beers".* FROM "beers" WHERE "beers"."id" = ? LIMIT 1[0m  [["id", 1]]
  [1m[35mUser Load (0.0ms)[0m  SELECT  "users".* FROM "users" WHERE "users"."id" = ? LIMIT 1  [["id", 1]]
  [1m[36mCACHE (0.0ms)[0m  [1mSELECT  "beers".* FROM "beers" WHERE "beers"."id" = ? LIMIT 1[0m  [["id", 1]]
  [1m[35mCACHE (0.0ms)[0m  SELECT  "users".* FROM "users" WHERE "users"."id" = ? LIMIT 1  [["id", 1]]
  Rendered ratings/index.html.erb within layouts/application (2.1ms)
  [1m[36mCACHE (0.0ms)[0m  [1mSELECT  "users".* FROM "users" WHERE "users"."id" = ? LIMIT 1[0m  [["id", 1]]
  [1m[35mCACHE (0.0ms)[0m  SELECT  "users".* FROM "users" WHERE "users"."id" = ? LIMIT 1  [["id", 1]]
  [1m[36mCACHE (0.0ms)[0m  [1mSELECT  "users".* FROM "users" WHERE "users"."id" = ? LIMIT 1[0m  [["id", 1]]
Completed 200 OK in 82ms (Views: 81.7ms | ActiveRecord: 0.3ms)


Started GET "/beer_clubs" for ::1 at 2017-02-09 16:08:47 +0200
Processing by BeerClubsController#index as HTML
  [1m[35mBeerClub Load (0.2ms)[0m  SELECT "beer_clubs".* FROM "beer_clubs"
  Rendered beer_clubs/index.html.erb within layouts/application (0.7ms)
  [1m[36mUser Load (0.1ms)[0m  [1mSELECT  "users".* FROM "users" WHERE "users"."id" = ? LIMIT 1[0m  [["id", 1]]
  [1m[35mCACHE (0.0ms)[0m  SELECT  "users".* FROM "users" WHERE "users"."id" = ? LIMIT 1  [["id", 1]]
  [1m[36mCACHE (0.0ms)[0m  [1mSELECT  "users".* FROM "users" WHERE "users"."id" = ? LIMIT 1[0m  [["id", 1]]
Completed 200 OK in 64ms (Views: 63.1ms | ActiveRecord: 0.3ms)


Started GET "/beer_clubs/new" for ::1 at 2017-02-09 16:08:49 +0200
Processing by BeerClubsController#new as HTML
  Rendered beer_clubs/_form.html.erb (6.8ms)
  Rendered beer_clubs/new.html.erb within layouts/application (27.0ms)
  [1m[35mUser Load (0.3ms)[0m  SELECT  "users".* FROM "users" WHERE "users"."id" = ? LIMIT 1  [["id", 1]]
  [1m[36mCACHE (0.0ms)[0m  [1mSELECT  "users".* FROM "users" WHERE "users"."id" = ? LIMIT 1[0m  [["id", 1]]
  [1m[35mCACHE (0.0ms)[0m  SELECT  "users".* FROM "users" WHERE "users"."id" = ? LIMIT 1  [["id", 1]]
Completed 200 OK in 125ms (Views: 122.2ms | ActiveRecord: 0.4ms)


Started POST "/beer_clubs" for ::1 at 2017-02-09 16:09:20 +0200
Processing by BeerClubsController#create as HTML
  Parameters: {"utf8"=>"✓", "authenticity_token"=>"v7DpCeTHHCYreSbYg3R6z8gKM8cwQkHoKWENkEhSNhV2V8z5p8DY/YPkaJpSavgm5HwbrJ4htkG0PeYvpFcIxQ==", "beer_club"=>{"name"=>"Kiljuset ry", "founded"=>"1980", "city"=>"Helsinki"}, "commit"=>"Create Beer club"}
  [1m[36m (0.1ms)[0m  [1mbegin transaction[0m
  [1m[35mSQL (2.1ms)[0m  INSERT INTO "beer_clubs" ("name", "founded", "city", "created_at", "updated_at") VALUES (?, ?, ?, ?, ?)  [["name", "Kiljuset ry"], ["founded", 1980], ["city", "Helsinki"], ["created_at", "2017-02-09 14:09:20.489813"], ["updated_at", "2017-02-09 14:09:20.489813"]]
  [1m[36m (10.5ms)[0m  [1mcommit transaction[0m
Redirected to http://localhost:3000/beer_clubs/1
Completed 302 Found in 17ms (ActiveRecord: 12.6ms)


Started GET "/beer_clubs/1" for ::1 at 2017-02-09 16:09:20 +0200
Processing by BeerClubsController#show as HTML
  Parameters: {"id"=>"1"}
  [1m[35mBeerClub Load (2.2ms)[0m  SELECT  "beer_clubs".* FROM "beer_clubs" WHERE "beer_clubs"."id" = ? LIMIT 1  [["id", 1]]
  [1m[36mUser Exists (1.4ms)[0m  [1mSELECT  1 AS one FROM "users" INNER JOIN "memberships" ON "users"."id" = "memberships"."user_id" WHERE "memberships"."beer_club_id" = ? LIMIT 1[0m  [["beer_club_id", 1]]
  Rendered beer_clubs/show.html.erb within layouts/application (26.8ms)
  [1m[35mUser Load (0.3ms)[0m  SELECT  "users".* FROM "users" WHERE "users"."id" = ? LIMIT 1  [["id", 1]]
  [1m[36mCACHE (0.0ms)[0m  [1mSELECT  "users".* FROM "users" WHERE "users"."id" = ? LIMIT 1[0m  [["id", 1]]
  [1m[35mCACHE (0.0ms)[0m  SELECT  "users".* FROM "users" WHERE "users"."id" = ? LIMIT 1  [["id", 1]]
Completed 200 OK in 199ms (Views: 193.3ms | ActiveRecord: 3.9ms)


Started GET "/beer_clubs" for ::1 at 2017-02-09 16:09:30 +0200
Processing by BeerClubsController#index as HTML
  [1m[36mBeerClub Load (0.1ms)[0m  [1mSELECT "beer_clubs".* FROM "beer_clubs"[0m
  Rendered beer_clubs/index.html.erb within layouts/application (0.9ms)
  [1m[35mUser Load (0.2ms)[0m  SELECT  "users".* FROM "users" WHERE "users"."id" = ? LIMIT 1  [["id", 1]]
  [1m[36mCACHE (0.0ms)[0m  [1mSELECT  "users".* FROM "users" WHERE "users"."id" = ? LIMIT 1[0m  [["id", 1]]
  [1m[35mCACHE (0.0ms)[0m  SELECT  "users".* FROM "users" WHERE "users"."id" = ? LIMIT 1  [["id", 1]]
Completed 200 OK in 91ms (Views: 90.0ms | ActiveRecord: 0.3ms)


Started GET "/beer_clubs" for ::1 at 2017-02-09 16:09:35 +0200
Processing by BeerClubsController#index as HTML
  [1m[36mBeerClub Load (0.2ms)[0m  [1mSELECT "beer_clubs".* FROM "beer_clubs"[0m
  Rendered beer_clubs/index.html.erb within layouts/application (0.9ms)
  [1m[35mUser Load (0.2ms)[0m  SELECT  "users".* FROM "users" WHERE "users"."id" = ? LIMIT 1  [["id", 1]]
  [1m[36mCACHE (0.0ms)[0m  [1mSELECT  "users".* FROM "users" WHERE "users"."id" = ? LIMIT 1[0m  [["id", 1]]
  [1m[35mCACHE (0.0ms)[0m  SELECT  "users".* FROM "users" WHERE "users"."id" = ? LIMIT 1  [["id", 1]]
Completed 200 OK in 63ms (Views: 61.8ms | ActiveRecord: 0.4ms)


Started GET "/beer_clubs/new" for ::1 at 2017-02-09 16:09:39 +0200
Processing by BeerClubsController#new as HTML
  Rendered beer_clubs/_form.html.erb (1.7ms)
  Rendered beer_clubs/new.html.erb within layouts/application (4.1ms)
  [1m[36mUser Load (0.2ms)[0m  [1mSELECT  "users".* FROM "users" WHERE "users"."id" = ? LIMIT 1[0m  [["id", 1]]
  [1m[35mCACHE (0.0ms)[0m  SELECT  "users".* FROM "users" WHERE "users"."id" = ? LIMIT 1  [["id", 1]]
  [1m[36mCACHE (0.0ms)[0m  [1mSELECT  "users".* FROM "users" WHERE "users"."id" = ? LIMIT 1[0m  [["id", 1]]
Completed 200 OK in 79ms (Views: 78.7ms | ActiveRecord: 0.2ms)


Started POST "/beer_clubs" for ::1 at 2017-02-09 16:10:03 +0200
Processing by BeerClubsController#create as HTML
  Parameters: {"utf8"=>"✓", "authenticity_token"=>"S6fX29DIImAYmnbA707oMvImPa0W7PlRP9aE3nyOIoeCQPIrk8/mu7AHOII+UGrb3lAVxriPDviiim9hkIscVw==", "beer_club"=>{"name"=>"Kulaus ry", "founded"=>"2000", "city"=>"Espoo"}, "commit"=>"Create Beer club"}
  [1m[35m (0.1ms)[0m  begin transaction
  [1m[36mSQL (2.0ms)[0m  [1mINSERT INTO "beer_clubs" ("name", "founded", "city", "created_at", "updated_at") VALUES (?, ?, ?, ?, ?)[0m  [["name", "Kulaus ry"], ["founded", 2000], ["city", "Espoo"], ["created_at", "2017-02-09 14:10:03.129124"], ["updated_at", "2017-02-09 14:10:03.129124"]]
  [1m[35m (14.8ms)[0m  commit transaction
Redirected to http://localhost:3000/beer_clubs/2
Completed 302 Found in 21ms (ActiveRecord: 16.8ms)


Started GET "/beer_clubs/2" for ::1 at 2017-02-09 16:10:03 +0200
Processing by BeerClubsController#show as HTML
  Parameters: {"id"=>"2"}
  [1m[36mBeerClub Load (1.8ms)[0m  [1mSELECT  "beer_clubs".* FROM "beer_clubs" WHERE "beer_clubs"."id" = ? LIMIT 1[0m  [["id", 2]]
  [1m[35mUser Exists (1.3ms)[0m  SELECT  1 AS one FROM "users" INNER JOIN "memberships" ON "users"."id" = "memberships"."user_id" WHERE "memberships"."beer_club_id" = ? LIMIT 1  [["beer_club_id", 2]]
  Rendered beer_clubs/show.html.erb within layouts/application (4.2ms)
  [1m[36mUser Load (0.2ms)[0m  [1mSELECT  "users".* FROM "users" WHERE "users"."id" = ? LIMIT 1[0m  [["id", 1]]
  [1m[35mCACHE (0.0ms)[0m  SELECT  "users".* FROM "users" WHERE "users"."id" = ? LIMIT 1  [["id", 1]]
  [1m[36mCACHE (0.0ms)[0m  [1mSELECT  "users".* FROM "users" WHERE "users"."id" = ? LIMIT 1[0m  [["id", 1]]
Completed 200 OK in 143ms (Views: 138.3ms | ActiveRecord: 3.3ms)


Started GET "/users/1" for ::1 at 2017-02-09 16:10:06 +0200
Processing by UsersController#show as HTML
  Parameters: {"id"=>"1"}
  [1m[35mUser Load (0.1ms)[0m  SELECT  "users".* FROM "users" WHERE "users"."id" = ? LIMIT 1  [["id", 1]]
  [1m[36m (0.1ms)[0m  [1mSELECT COUNT(*) FROM "ratings" WHERE "ratings"."user_id" = ?[0m  [["user_id", 1]]
  [1m[35mBeerClub Exists (0.1ms)[0m  SELECT  1 AS one FROM "beer_clubs" INNER JOIN "memberships" ON "beer_clubs"."id" = "memberships"."beer_club_id" WHERE "memberships"."user_id" = ? LIMIT 1  [["user_id", 1]]
  [1m[36mRating Exists (0.1ms)[0m  [1mSELECT  1 AS one FROM "ratings" WHERE "ratings"."user_id" = ? LIMIT 1[0m  [["user_id", 1]]
  [1m[35mRating Load (0.1ms)[0m  SELECT "ratings".* FROM "ratings" WHERE "ratings"."user_id" = ?  [["user_id", 1]]
  [1m[36mCACHE (0.0ms)[0m  [1mSELECT COUNT(*) FROM "ratings" WHERE "ratings"."user_id" = ?[0m  [["user_id", 1]]
  [1m[35mBeer Load (0.1ms)[0m  SELECT  "beers".* FROM "beers" WHERE "beers"."id" = ? LIMIT 1  [["id", 1]]
  [1m[36mUser Load (0.1ms)[0m  [1mSELECT  "users".* FROM "users" WHERE "users"."id" = ? LIMIT 1[0m  [["id", 1]]
  [1m[35mCACHE (0.0ms)[0m  SELECT  "beers".* FROM "beers" WHERE "beers"."id" = ? LIMIT 1  [["id", 1]]
  [1m[36mCACHE (0.0ms)[0m  [1mSELECT  "users".* FROM "users" WHERE "users"."id" = ? LIMIT 1[0m  [["id", 1]]
  [1m[35mCACHE (0.0ms)[0m  SELECT  "users".* FROM "users" WHERE "users"."id" = ? LIMIT 1  [["id", 1]]
  Rendered users/show.html.erb within layouts/application (6.6ms)
  [1m[36mCACHE (0.0ms)[0m  [1mSELECT  "users".* FROM "users" WHERE "users"."id" = ? LIMIT 1[0m  [["id", 1]]
  [1m[35mCACHE (0.0ms)[0m  SELECT  "users".* FROM "users" WHERE "users"."id" = ? LIMIT 1  [["id", 1]]
  [1m[36mCACHE (0.0ms)[0m  [1mSELECT  "users".* FROM "users" WHERE "users"."id" = ? LIMIT 1[0m  [["id", 1]]
Completed 200 OK in 118ms (Views: 117.0ms | ActiveRecord: 0.7ms)


Started GET "/memberships/new" for ::1 at 2017-02-09 16:10:18 +0200
Processing by MembershipsController#new as HTML
  [1m[35mUser Load (0.1ms)[0m  SELECT  "users".* FROM "users" WHERE "users"."id" = ? LIMIT 1  [["id", 1]]
  [1m[36mBeerClub Load (0.1ms)[0m  [1mSELECT "beer_clubs".* FROM "beer_clubs"[0m
  [1m[35mBeerClub Load (0.1ms)[0m  SELECT "beer_clubs".* FROM "beer_clubs" INNER JOIN "memberships" ON "beer_clubs"."id" = "memberships"."beer_club_id" WHERE "memberships"."user_id" = ?  [["user_id", 1]]
  Rendered memberships/_form.html.erb (1.6ms)
  Rendered memberships/new.html.erb within layouts/application (16.6ms)
  [1m[36mCACHE (0.0ms)[0m  [1mSELECT  "users".* FROM "users" WHERE "users"."id" = ? LIMIT 1[0m  [["id", 1]]
  [1m[35mCACHE (0.0ms)[0m  SELECT  "users".* FROM "users" WHERE "users"."id" = ? LIMIT 1  [["id", 1]]
  [1m[36mCACHE (0.0ms)[0m  [1mSELECT  "users".* FROM "users" WHERE "users"."id" = ? LIMIT 1[0m  [["id", 1]]
Completed 200 OK in 106ms (Views: 101.8ms | ActiveRecord: 0.4ms)


Started POST "/memberships" for ::1 at 2017-02-09 16:10:21 +0200
Processing by MembershipsController#create as HTML
  Parameters: {"utf8"=>"✓", "authenticity_token"=>"ZIgt07uXiQYf74MHf+8BHFYiIui/b6+m6eFb8i8l6aOtbwgj+JBN3bdyzUWu8YP1elQKgxEMWA90vbBNwyDXcw==", "membership"=>{"beer_club_id"=>"1"}, "commit"=>"Create Membership"}
  [1m[35mUser Load (0.1ms)[0m  SELECT  "users".* FROM "users" WHERE "users"."id" = ? LIMIT 1  [["id", 1]]
  [1m[36mCACHE (0.0ms)[0m  [1mSELECT  "users".* FROM "users" WHERE "users"."id" = ? LIMIT 1[0m  [["id", 1]]
  [1m[35mBeerClub Load (0.1ms)[0m  SELECT  "beer_clubs".* FROM "beer_clubs" WHERE "beer_clubs"."id" = ? LIMIT 1  [["id", 1]]
  [1m[36mBeerClub Exists (0.2ms)[0m  [1mSELECT  1 AS one FROM "beer_clubs" INNER JOIN "memberships" ON "beer_clubs"."id" = "memberships"."beer_club_id" WHERE "memberships"."user_id" = ? AND "beer_clubs"."id" = ? LIMIT 1[0m  [["user_id", 1], ["id", 1]]
  [1m[35m (0.0ms)[0m  begin transaction
  [1m[36mSQL (1.7ms)[0m  [1mINSERT INTO "memberships" ("beer_club_id", "user_id", "created_at", "updated_at") VALUES (?, ?, ?, ?)[0m  [["beer_club_id", 1], ["user_id", 1], ["created_at", "2017-02-09 14:10:21.484545"], ["updated_at", "2017-02-09 14:10:21.484545"]]
  [1m[35m (9.0ms)[0m  commit transaction
Redirected to http://localhost:3000/users/1
Completed 302 Found in 18ms (ActiveRecord: 11.2ms)


Started GET "/users/1" for ::1 at 2017-02-09 16:10:21 +0200
Processing by UsersController#show as HTML
  Parameters: {"id"=>"1"}
  [1m[36mUser Load (1.9ms)[0m  [1mSELECT  "users".* FROM "users" WHERE "users"."id" = ? LIMIT 1[0m  [["id", 1]]
  [1m[35m (1.5ms)[0m  SELECT COUNT(*) FROM "ratings" WHERE "ratings"."user_id" = ?  [["user_id", 1]]
  [1m[36mBeerClub Exists (0.1ms)[0m  [1mSELECT  1 AS one FROM "beer_clubs" INNER JOIN "memberships" ON "beer_clubs"."id" = "memberships"."beer_club_id" WHERE "memberships"."user_id" = ? LIMIT 1[0m  [["user_id", 1]]
  [1m[35mBeerClub Load (0.1ms)[0m  SELECT "beer_clubs".* FROM "beer_clubs" INNER JOIN "memberships" ON "beer_clubs"."id" = "memberships"."beer_club_id" WHERE "memberships"."user_id" = ?  [["user_id", 1]]
  [1m[36mRating Exists (0.1ms)[0m  [1mSELECT  1 AS one FROM "ratings" WHERE "ratings"."user_id" = ? LIMIT 1[0m  [["user_id", 1]]
  [1m[35mRating Load (0.1ms)[0m  SELECT "ratings".* FROM "ratings" WHERE "ratings"."user_id" = ?  [["user_id", 1]]
  [1m[36mCACHE (0.0ms)[0m  [1mSELECT COUNT(*) FROM "ratings" WHERE "ratings"."user_id" = ?[0m  [["user_id", 1]]
  [1m[35mBeer Load (0.1ms)[0m  SELECT  "beers".* FROM "beers" WHERE "beers"."id" = ? LIMIT 1  [["id", 1]]
  [1m[36mUser Load (0.1ms)[0m  [1mSELECT  "users".* FROM "users" WHERE "users"."id" = ? LIMIT 1[0m  [["id", 1]]
  [1m[35mCACHE (0.0ms)[0m  SELECT  "beers".* FROM "beers" WHERE "beers"."id" = ? LIMIT 1  [["id", 1]]
  [1m[36mCACHE (0.0ms)[0m  [1mSELECT  "users".* FROM "users" WHERE "users"."id" = ? LIMIT 1[0m  [["id", 1]]
  [1m[35mCACHE (0.0ms)[0m  SELECT  "users".* FROM "users" WHERE "users"."id" = ? LIMIT 1  [["id", 1]]
  Rendered users/show.html.erb within layouts/application (11.0ms)
  [1m[36mCACHE (0.0ms)[0m  [1mSELECT  "users".* FROM "users" WHERE "users"."id" = ? LIMIT 1[0m  [["id", 1]]
  [1m[35mCACHE (0.0ms)[0m  SELECT  "users".* FROM "users" WHERE "users"."id" = ? LIMIT 1  [["id", 1]]
  [1m[36mCACHE (0.0ms)[0m  [1mSELECT  "users".* FROM "users" WHERE "users"."id" = ? LIMIT 1[0m  [["id", 1]]
Completed 200 OK in 98ms (Views: 92.5ms | ActiveRecord: 4.1ms)


Started GET "/memberships/new" for ::1 at 2017-02-09 16:10:26 +0200
Processing by MembershipsController#new as HTML
  [1m[35mUser Load (0.1ms)[0m  SELECT  "users".* FROM "users" WHERE "users"."id" = ? LIMIT 1  [["id", 1]]
  [1m[36mBeerClub Load (0.2ms)[0m  [1mSELECT "beer_clubs".* FROM "beer_clubs"[0m
  [1m[35mBeerClub Load (0.1ms)[0m  SELECT "beer_clubs".* FROM "beer_clubs" INNER JOIN "memberships" ON "beer_clubs"."id" = "memberships"."beer_club_id" WHERE "memberships"."user_id" = ?  [["user_id", 1]]
  Rendered memberships/_form.html.erb (1.0ms)
  Rendered memberships/new.html.erb within layouts/application (1.6ms)
  [1m[36mCACHE (0.0ms)[0m  [1mSELECT  "users".* FROM "users" WHERE "users"."id" = ? LIMIT 1[0m  [["id", 1]]
  [1m[35mCACHE (0.0ms)[0m  SELECT  "users".* FROM "users" WHERE "users"."id" = ? LIMIT 1  [["id", 1]]
  [1m[36mCACHE (0.0ms)[0m  [1mSELECT  "users".* FROM "users" WHERE "users"."id" = ? LIMIT 1[0m  [["id", 1]]
Completed 200 OK in 61ms (Views: 58.2ms | ActiveRecord: 0.4ms)


Started POST "/memberships" for ::1 at 2017-02-09 16:10:31 +0200
Processing by MembershipsController#create as HTML
  Parameters: {"utf8"=>"✓", "authenticity_token"=>"4BXv6ovG/9CQQDyY9B8HiOipwhisn9Vu0eUP4R/ldGcp8soayME7CzjdctolAYVhxN/qcwL8IsdMueRe8+BKtw==", "membership"=>{"beer_club_id"=>"2"}, "commit"=>"Create Membership"}
  [1m[35mUser Load (0.1ms)[0m  SELECT  "users".* FROM "users" WHERE "users"."id" = ? LIMIT 1  [["id", 1]]
  [1m[36mCACHE (0.0ms)[0m  [1mSELECT  "users".* FROM "users" WHERE "users"."id" = ? LIMIT 1[0m  [["id", 1]]
  [1m[35mBeerClub Load (0.0ms)[0m  SELECT  "beer_clubs".* FROM "beer_clubs" WHERE "beer_clubs"."id" = ? LIMIT 1  [["id", 2]]
  [1m[36mBeerClub Exists (0.0ms)[0m  [1mSELECT  1 AS one FROM "beer_clubs" INNER JOIN "memberships" ON "beer_clubs"."id" = "memberships"."beer_club_id" WHERE "memberships"."user_id" = ? AND "beer_clubs"."id" = ? LIMIT 1[0m  [["user_id", 1], ["id", 2]]
  [1m[35m (0.1ms)[0m  begin transaction
  [1m[36mSQL (1.4ms)[0m  [1mINSERT INTO "memberships" ("beer_club_id", "user_id", "created_at", "updated_at") VALUES (?, ?, ?, ?)[0m  [["beer_club_id", 2], ["user_id", 1], ["created_at", "2017-02-09 14:10:31.811867"], ["updated_at", "2017-02-09 14:10:31.811867"]]
  [1m[35m (7.1ms)[0m  commit transaction
Redirected to http://localhost:3000/users/1
Completed 302 Found in 13ms (ActiveRecord: 8.7ms)


Started GET "/users/1" for ::1 at 2017-02-09 16:10:31 +0200
Processing by UsersController#show as HTML
  Parameters: {"id"=>"1"}
  [1m[36mUser Load (1.5ms)[0m  [1mSELECT  "users".* FROM "users" WHERE "users"."id" = ? LIMIT 1[0m  [["id", 1]]
  [1m[35m (1.1ms)[0m  SELECT COUNT(*) FROM "ratings" WHERE "ratings"."user_id" = ?  [["user_id", 1]]
  [1m[36mBeerClub Exists (0.1ms)[0m  [1mSELECT  1 AS one FROM "beer_clubs" INNER JOIN "memberships" ON "beer_clubs"."id" = "memberships"."beer_club_id" WHERE "memberships"."user_id" = ? LIMIT 1[0m  [["user_id", 1]]
  [1m[35mBeerClub Load (0.1ms)[0m  SELECT "beer_clubs".* FROM "beer_clubs" INNER JOIN "memberships" ON "beer_clubs"."id" = "memberships"."beer_club_id" WHERE "memberships"."user_id" = ?  [["user_id", 1]]
  [1m[36mRating Exists (0.1ms)[0m  [1mSELECT  1 AS one FROM "ratings" WHERE "ratings"."user_id" = ? LIMIT 1[0m  [["user_id", 1]]
  [1m[35mRating Load (0.1ms)[0m  SELECT "ratings".* FROM "ratings" WHERE "ratings"."user_id" = ?  [["user_id", 1]]
  [1m[36mCACHE (0.0ms)[0m  [1mSELECT COUNT(*) FROM "ratings" WHERE "ratings"."user_id" = ?[0m  [["user_id", 1]]
  [1m[35mBeer Load (0.1ms)[0m  SELECT  "beers".* FROM "beers" WHERE "beers"."id" = ? LIMIT 1  [["id", 1]]
  [1m[36mUser Load (0.1ms)[0m  [1mSELECT  "users".* FROM "users" WHERE "users"."id" = ? LIMIT 1[0m  [["id", 1]]
  [1m[35mCACHE (0.0ms)[0m  SELECT  "beers".* FROM "beers" WHERE "beers"."id" = ? LIMIT 1  [["id", 1]]
  [1m[36mCACHE (0.0ms)[0m  [1mSELECT  "users".* FROM "users" WHERE "users"."id" = ? LIMIT 1[0m  [["id", 1]]
  [1m[35mCACHE (0.0ms)[0m  SELECT  "users".* FROM "users" WHERE "users"."id" = ? LIMIT 1  [["id", 1]]
  Rendered users/show.html.erb within layouts/application (7.6ms)
  [1m[36mCACHE (0.0ms)[0m  [1mSELECT  "users".* FROM "users" WHERE "users"."id" = ? LIMIT 1[0m  [["id", 1]]
  [1m[35mCACHE (0.0ms)[0m  SELECT  "users".* FROM "users" WHERE "users"."id" = ? LIMIT 1  [["id", 1]]
  [1m[36mCACHE (0.0ms)[0m  [1mSELECT  "users".* FROM "users" WHERE "users"."id" = ? LIMIT 1[0m  [["id", 1]]
Completed 200 OK in 69ms (Views: 64.6ms | ActiveRecord: 3.2ms)


Started GET "/beer_clubs/1" for ::1 at 2017-02-09 16:10:36 +0200
Processing by BeerClubsController#show as HTML
  Parameters: {"id"=>"1"}
  [1m[35mBeerClub Load (0.1ms)[0m  SELECT  "beer_clubs".* FROM "beer_clubs" WHERE "beer_clubs"."id" = ? LIMIT 1  [["id", 1]]
  [1m[36mUser Exists (0.1ms)[0m  [1mSELECT  1 AS one FROM "users" INNER JOIN "memberships" ON "users"."id" = "memberships"."user_id" WHERE "memberships"."beer_club_id" = ? LIMIT 1[0m  [["beer_club_id", 1]]
  [1m[35mUser Load (0.2ms)[0m  SELECT "users".* FROM "users" INNER JOIN "memberships" ON "users"."id" = "memberships"."user_id" WHERE "memberships"."beer_club_id" = ?  [["beer_club_id", 1]]
  Rendered beer_clubs/show.html.erb within layouts/application (2.3ms)
  [1m[36mUser Load (0.1ms)[0m  [1mSELECT  "users".* FROM "users" WHERE "users"."id" = ? LIMIT 1[0m  [["id", 1]]
  [1m[35mCACHE (0.0ms)[0m  SELECT  "users".* FROM "users" WHERE "users"."id" = ? LIMIT 1  [["id", 1]]
  [1m[36mCACHE (0.0ms)[0m  [1mSELECT  "users".* FROM "users" WHERE "users"."id" = ? LIMIT 1[0m  [["id", 1]]
Completed 200 OK in 73ms (Views: 71.3ms | ActiveRecord: 0.5ms)


Started GET "/breweries" for ::1 at 2017-02-09 16:10:41 +0200
Processing by BreweriesController#index as HTML
  [1m[35m (0.1ms)[0m  SELECT COUNT(*) FROM "breweries"
  [1m[36mBrewery Load (0.1ms)[0m  [1mSELECT "breweries".* FROM "breweries"[0m
  Rendered breweries/index.html.erb within layouts/application (1.8ms)
  [1m[35mUser Load (0.2ms)[0m  SELECT  "users".* FROM "users" WHERE "users"."id" = ? LIMIT 1  [["id", 1]]
  [1m[36mCACHE (0.0ms)[0m  [1mSELECT  "users".* FROM "users" WHERE "users"."id" = ? LIMIT 1[0m  [["id", 1]]
  [1m[35mCACHE (0.0ms)[0m  SELECT  "users".* FROM "users" WHERE "users"."id" = ? LIMIT 1  [["id", 1]]
Completed 200 OK in 59ms (Views: 58.0ms | ActiveRecord: 0.5ms)


Started GET "/beers" for ::1 at 2017-02-09 16:10:42 +0200
Processing by BeersController#index as HTML
  [1m[36mBeer Load (0.2ms)[0m  [1mSELECT "beers".* FROM "beers"[0m
  [1m[35mBrewery Load (0.1ms)[0m  SELECT  "breweries".* FROM "breweries" WHERE "breweries"."id" = ? LIMIT 1  [["id", 1]]
  [1m[36mCACHE (0.0ms)[0m  [1mSELECT  "breweries".* FROM "breweries" WHERE "breweries"."id" = ? LIMIT 1[0m  [["id", 1]]
  [1m[35mCACHE (0.0ms)[0m  SELECT  "breweries".* FROM "breweries" WHERE "breweries"."id" = ? LIMIT 1  [["id", 1]]
  [1m[36mBrewery Load (0.1ms)[0m  [1mSELECT  "breweries".* FROM "breweries" WHERE "breweries"."id" = ? LIMIT 1[0m  [["id", 2]]
  [1m[35mCACHE (0.0ms)[0m  SELECT  "breweries".* FROM "breweries" WHERE "breweries"."id" = ? LIMIT 1  [["id", 2]]
  [1m[36mBrewery Load (0.1ms)[0m  [1mSELECT  "breweries".* FROM "breweries" WHERE "breweries"."id" = ? LIMIT 1[0m  [["id", 3]]
  [1m[35mCACHE (0.0ms)[0m  SELECT  "breweries".* FROM "breweries" WHERE "breweries"."id" = ? LIMIT 1  [["id", 3]]
  Rendered beers/index.html.erb within layouts/application (5.3ms)
  [1m[36mUser Load (0.1ms)[0m  [1mSELECT  "users".* FROM "users" WHERE "users"."id" = ? LIMIT 1[0m  [["id", 1]]
  [1m[35mCACHE (0.0ms)[0m  SELECT  "users".* FROM "users" WHERE "users"."id" = ? LIMIT 1  [["id", 1]]
  [1m[36mCACHE (0.0ms)[0m  [1mSELECT  "users".* FROM "users" WHERE "users"."id" = ? LIMIT 1[0m  [["id", 1]]
Completed 200 OK in 61ms (Views: 60.1ms | ActiveRecord: 0.6ms)


Started GET "/ratings" for ::1 at 2017-02-09 16:10:44 +0200
Processing by RatingsController#index as HTML
  [1m[35mRating Load (0.1ms)[0m  SELECT "ratings".* FROM "ratings"
  [1m[36mBeer Load (0.1ms)[0m  [1mSELECT  "beers".* FROM "beers" WHERE "beers"."id" = ? LIMIT 1[0m  [["id", 1]]
  [1m[35mUser Load (0.0ms)[0m  SELECT  "users".* FROM "users" WHERE "users"."id" = ? LIMIT 1  [["id", 1]]
  [1m[36mCACHE (0.0ms)[0m  [1mSELECT  "beers".* FROM "beers" WHERE "beers"."id" = ? LIMIT 1[0m  [["id", 1]]
  [1m[35mCACHE (0.0ms)[0m  SELECT  "users".* FROM "users" WHERE "users"."id" = ? LIMIT 1  [["id", 1]]
  Rendered ratings/index.html.erb within layouts/application (2.3ms)
  [1m[36mCACHE (0.0ms)[0m  [1mSELECT  "users".* FROM "users" WHERE "users"."id" = ? LIMIT 1[0m  [["id", 1]]
  [1m[35mCACHE (0.0ms)[0m  SELECT  "users".* FROM "users" WHERE "users"."id" = ? LIMIT 1  [["id", 1]]
  [1m[36mCACHE (0.0ms)[0m  [1mSELECT  "users".* FROM "users" WHERE "users"."id" = ? LIMIT 1[0m  [["id", 1]]
Completed 200 OK in 74ms (Views: 73.6ms | ActiveRecord: 0.3ms)


Started GET "/users" for ::1 at 2017-02-09 16:10:46 +0200
Processing by UsersController#index as HTML
  [1m[35mUser Load (0.2ms)[0m  SELECT "users".* FROM "users"
  Rendered users/index.html.erb within layouts/application (1.0ms)
  [1m[36mUser Load (0.1ms)[0m  [1mSELECT  "users".* FROM "users" WHERE "users"."id" = ? LIMIT 1[0m  [["id", 1]]
  [1m[35mCACHE (0.0ms)[0m  SELECT  "users".* FROM "users" WHERE "users"."id" = ? LIMIT 1  [["id", 1]]
  [1m[36mCACHE (0.0ms)[0m  [1mSELECT  "users".* FROM "users" WHERE "users"."id" = ? LIMIT 1[0m  [["id", 1]]
Completed 200 OK in 49ms (Views: 47.8ms | ActiveRecord: 0.3ms)


Started GET "/users/2" for ::1 at 2017-02-09 16:10:49 +0200
Processing by UsersController#show as HTML
  Parameters: {"id"=>"2"}
  [1m[35mUser Load (0.1ms)[0m  SELECT  "users".* FROM "users" WHERE "users"."id" = ? LIMIT 1  [["id", 2]]
  [1m[36m (0.1ms)[0m  [1mSELECT COUNT(*) FROM "ratings" WHERE "ratings"."user_id" = ?[0m  [["user_id", 2]]
  [1m[35mBeerClub Exists (0.0ms)[0m  SELECT  1 AS one FROM "beer_clubs" INNER JOIN "memberships" ON "beer_clubs"."id" = "memberships"."beer_club_id" WHERE "memberships"."user_id" = ? LIMIT 1  [["user_id", 2]]
  [1m[36mRating Exists (0.0ms)[0m  [1mSELECT  1 AS one FROM "ratings" WHERE "ratings"."user_id" = ? LIMIT 1[0m  [["user_id", 2]]
  [1m[35mUser Load (0.0ms)[0m  SELECT  "users".* FROM "users" WHERE "users"."id" = ? LIMIT 1  [["id", 1]]
  Rendered users/show.html.erb within layouts/application (2.3ms)
  [1m[36mCACHE (0.0ms)[0m  [1mSELECT  "users".* FROM "users" WHERE "users"."id" = ? LIMIT 1[0m  [["id", 1]]
  [1m[35mCACHE (0.0ms)[0m  SELECT  "users".* FROM "users" WHERE "users"."id" = ? LIMIT 1  [["id", 1]]
  [1m[36mCACHE (0.0ms)[0m  [1mSELECT  "users".* FROM "users" WHERE "users"."id" = ? LIMIT 1[0m  [["id", 1]]
Completed 200 OK in 41ms (Views: 40.0ms | ActiveRecord: 0.3ms)


Started GET "/users/1" for ::1 at 2017-02-09 16:10:53 +0200
Processing by UsersController#show as HTML
  Parameters: {"id"=>"1"}
  [1m[35mUser Load (0.1ms)[0m  SELECT  "users".* FROM "users" WHERE "users"."id" = ? LIMIT 1  [["id", 1]]
  [1m[36m (0.1ms)[0m  [1mSELECT COUNT(*) FROM "ratings" WHERE "ratings"."user_id" = ?[0m  [["user_id", 1]]
  [1m[35mBeerClub Exists (0.1ms)[0m  SELECT  1 AS one FROM "beer_clubs" INNER JOIN "memberships" ON "beer_clubs"."id" = "memberships"."beer_club_id" WHERE "memberships"."user_id" = ? LIMIT 1  [["user_id", 1]]
  [1m[36mBeerClub Load (0.1ms)[0m  [1mSELECT "beer_clubs".* FROM "beer_clubs" INNER JOIN "memberships" ON "beer_clubs"."id" = "memberships"."beer_club_id" WHERE "memberships"."user_id" = ?[0m  [["user_id", 1]]
  [1m[35mRating Exists (0.1ms)[0m  SELECT  1 AS one FROM "ratings" WHERE "ratings"."user_id" = ? LIMIT 1  [["user_id", 1]]
  [1m[36mRating Load (0.1ms)[0m  [1mSELECT "ratings".* FROM "ratings" WHERE "ratings"."user_id" = ?[0m  [["user_id", 1]]
  [1m[35mCACHE (0.0ms)[0m  SELECT COUNT(*) FROM "ratings" WHERE "ratings"."user_id" = ?  [["user_id", 1]]
  [1m[36mBeer Load (0.1ms)[0m  [1mSELECT  "beers".* FROM "beers" WHERE "beers"."id" = ? LIMIT 1[0m  [["id", 1]]
  [1m[35mUser Load (0.1ms)[0m  SELECT  "users".* FROM "users" WHERE "users"."id" = ? LIMIT 1  [["id", 1]]
  [1m[36mCACHE (0.0ms)[0m  [1mSELECT  "beers".* FROM "beers" WHERE "beers"."id" = ? LIMIT 1[0m  [["id", 1]]
  [1m[35mCACHE (0.0ms)[0m  SELECT  "users".* FROM "users" WHERE "users"."id" = ? LIMIT 1  [["id", 1]]
  [1m[36mCACHE (0.0ms)[0m  [1mSELECT  "users".* FROM "users" WHERE "users"."id" = ? LIMIT 1[0m  [["id", 1]]
  Rendered users/show.html.erb within layouts/application (6.3ms)
  [1m[35mCACHE (0.0ms)[0m  SELECT  "users".* FROM "users" WHERE "users"."id" = ? LIMIT 1  [["id", 1]]
  [1m[36mCACHE (0.0ms)[0m  [1mSELECT  "users".* FROM "users" WHERE "users"."id" = ? LIMIT 1[0m  [["id", 1]]
  [1m[35mCACHE (0.0ms)[0m  SELECT  "users".* FROM "users" WHERE "users"."id" = ? LIMIT 1  [["id", 1]]
Completed 200 OK in 55ms (Views: 53.1ms | ActiveRecord: 0.8ms)


Started GET "/beer_clubs" for ::1 at 2017-02-09 16:10:58 +0200
Processing by BeerClubsController#index as HTML
  [1m[36mBeerClub Load (0.2ms)[0m  [1mSELECT "beer_clubs".* FROM "beer_clubs"[0m
  Rendered beer_clubs/index.html.erb within layouts/application (1.2ms)
  [1m[35mUser Load (0.1ms)[0m  SELECT  "users".* FROM "users" WHERE "users"."id" = ? LIMIT 1  [["id", 1]]
  [1m[36mCACHE (0.0ms)[0m  [1mSELECT  "users".* FROM "users" WHERE "users"."id" = ? LIMIT 1[0m  [["id", 1]]
  [1m[35mCACHE (0.0ms)[0m  SELECT  "users".* FROM "users" WHERE "users"."id" = ? LIMIT 1  [["id", 1]]
Completed 200 OK in 42ms (Views: 41.5ms | ActiveRecord: 0.3ms)


Started GET "/users/1" for ::1 at 2017-02-09 16:11:00 +0200
Processing by UsersController#show as HTML
  Parameters: {"id"=>"1"}
  [1m[36mUser Load (0.1ms)[0m  [1mSELECT  "users".* FROM "users" WHERE "users"."id" = ? LIMIT 1[0m  [["id", 1]]
  [1m[35m (0.2ms)[0m  SELECT COUNT(*) FROM "ratings" WHERE "ratings"."user_id" = ?  [["user_id", 1]]
  [1m[36mBeerClub Exists (0.1ms)[0m  [1mSELECT  1 AS one FROM "beer_clubs" INNER JOIN "memberships" ON "beer_clubs"."id" = "memberships"."beer_club_id" WHERE "memberships"."user_id" = ? LIMIT 1[0m  [["user_id", 1]]
  [1m[35mBeerClub Load (0.1ms)[0m  SELECT "beer_clubs".* FROM "beer_clubs" INNER JOIN "memberships" ON "beer_clubs"."id" = "memberships"."beer_club_id" WHERE "memberships"."user_id" = ?  [["user_id", 1]]
  [1m[36mRating Exists (0.1ms)[0m  [1mSELECT  1 AS one FROM "ratings" WHERE "ratings"."user_id" = ? LIMIT 1[0m  [["user_id", 1]]
  [1m[35mRating Load (0.1ms)[0m  SELECT "ratings".* FROM "ratings" WHERE "ratings"."user_id" = ?  [["user_id", 1]]
  [1m[36mCACHE (0.0ms)[0m  [1mSELECT COUNT(*) FROM "ratings" WHERE "ratings"."user_id" = ?[0m  [["user_id", 1]]
  [1m[35mBeer Load (0.0ms)[0m  SELECT  "beers".* FROM "beers" WHERE "beers"."id" = ? LIMIT 1  [["id", 1]]
  [1m[36mUser Load (0.0ms)[0m  [1mSELECT  "users".* FROM "users" WHERE "users"."id" = ? LIMIT 1[0m  [["id", 1]]
  [1m[35mCACHE (0.0ms)[0m  SELECT  "beers".* FROM "beers" WHERE "beers"."id" = ? LIMIT 1  [["id", 1]]
  [1m[36mCACHE (0.0ms)[0m  [1mSELECT  "users".* FROM "users" WHERE "users"."id" = ? LIMIT 1[0m  [["id", 1]]
  [1m[35mCACHE (0.0ms)[0m  SELECT  "users".* FROM "users" WHERE "users"."id" = ? LIMIT 1  [["id", 1]]
  Rendered users/show.html.erb within layouts/application (7.7ms)
  [1m[36mCACHE (0.0ms)[0m  [1mSELECT  "users".* FROM "users" WHERE "users"."id" = ? LIMIT 1[0m  [["id", 1]]
  [1m[35mCACHE (0.0ms)[0m  SELECT  "users".* FROM "users" WHERE "users"."id" = ? LIMIT 1  [["id", 1]]
  [1m[36mCACHE (0.0ms)[0m  [1mSELECT  "users".* FROM "users" WHERE "users"."id" = ? LIMIT 1[0m  [["id", 1]]
Completed 200 OK in 47ms (Views: 45.2ms | ActiveRecord: 0.9ms)


Started GET "/memberships/new" for ::1 at 2017-02-09 16:11:03 +0200
Processing by MembershipsController#new as HTML
  [1m[35mUser Load (0.1ms)[0m  SELECT  "users".* FROM "users" WHERE "users"."id" = ? LIMIT 1  [["id", 1]]
  [1m[36mBeerClub Load (0.3ms)[0m  [1mSELECT "beer_clubs".* FROM "beer_clubs"[0m
  [1m[35mBeerClub Load (0.1ms)[0m  SELECT "beer_clubs".* FROM "beer_clubs" INNER JOIN "memberships" ON "beer_clubs"."id" = "memberships"."beer_club_id" WHERE "memberships"."user_id" = ?  [["user_id", 1]]
  Rendered memberships/_form.html.erb (0.7ms)
  Rendered memberships/new.html.erb within layouts/application (2.8ms)
  [1m[36mCACHE (0.0ms)[0m  [1mSELECT  "users".* FROM "users" WHERE "users"."id" = ? LIMIT 1[0m  [["id", 1]]
  [1m[35mCACHE (0.0ms)[0m  SELECT  "users".* FROM "users" WHERE "users"."id" = ? LIMIT 1  [["id", 1]]
  [1m[36mCACHE (0.0ms)[0m  [1mSELECT  "users".* FROM "users" WHERE "users"."id" = ? LIMIT 1[0m  [["id", 1]]
Completed 200 OK in 49ms (Views: 45.3ms | ActiveRecord: 0.6ms)
  [1m[36mBrewery Load (0.2ms)[0m  [1mSELECT  "breweries".* FROM "breweries"  ORDER BY "breweries"."id" ASC LIMIT 1[0m


Started GET "/breweries" for ::1 at 2017-02-09 16:22:57 +0200
  [1m[36mActiveRecord::SchemaMigration Load (0.1ms)[0m  [1mSELECT "schema_migrations".* FROM "schema_migrations"[0m
Processing by BreweriesController#index as HTML
  [1m[35m (0.1ms)[0m  SELECT COUNT(*) FROM "breweries"
  [1m[36mBrewery Load (0.1ms)[0m  [1mSELECT "breweries".* FROM "breweries"[0m
  Rendered breweries/index.html.erb within layouts/application (7.9ms)
  [1m[35mUser Load (0.2ms)[0m  SELECT  "users".* FROM "users" WHERE "users"."id" = ? LIMIT 1  [["id", 1]]
  [1m[36mCACHE (0.0ms)[0m  [1mSELECT  "users".* FROM "users" WHERE "users"."id" = ? LIMIT 1[0m  [["id", 1]]
  [1m[35mCACHE (0.0ms)[0m  SELECT  "users".* FROM "users" WHERE "users"."id" = ? LIMIT 1  [["id", 1]]
Completed 200 OK in 1270ms (Views: 1225.4ms | ActiveRecord: 1.0ms)


Started GET "/users/1" for ::1 at 2017-02-09 16:23:00 +0200
Processing by UsersController#show as HTML
  Parameters: {"id"=>"1"}
  [1m[36mUser Load (0.1ms)[0m  [1mSELECT  "users".* FROM "users" WHERE "users"."id" = ? LIMIT 1[0m  [["id", 1]]
  [1m[35m (0.2ms)[0m  SELECT COUNT(*) FROM "ratings" WHERE "ratings"."user_id" = ?  [["user_id", 1]]
  [1m[36mBeerClub Exists (0.3ms)[0m  [1mSELECT  1 AS one FROM "beer_clubs" INNER JOIN "memberships" ON "beer_clubs"."id" = "memberships"."beer_club_id" WHERE "memberships"."user_id" = ? LIMIT 1[0m  [["user_id", 1]]
  [1m[35mBeerClub Load (0.3ms)[0m  SELECT "beer_clubs".* FROM "beer_clubs" INNER JOIN "memberships" ON "beer_clubs"."id" = "memberships"."beer_club_id" WHERE "memberships"."user_id" = ?  [["user_id", 1]]
  [1m[36mRating Exists (0.1ms)[0m  [1mSELECT  1 AS one FROM "ratings" WHERE "ratings"."user_id" = ? LIMIT 1[0m  [["user_id", 1]]
  [1m[35mRating Load (0.1ms)[0m  SELECT "ratings".* FROM "ratings" WHERE "ratings"."user_id" = ?  [["user_id", 1]]
  [1m[36mCACHE (0.0ms)[0m  [1mSELECT COUNT(*) FROM "ratings" WHERE "ratings"."user_id" = ?[0m  [["user_id", 1]]
  [1m[35mBeer Load (0.2ms)[0m  SELECT  "beers".* FROM "beers" WHERE "beers"."id" = ? LIMIT 1  [["id", 1]]
  [1m[36mUser Load (0.1ms)[0m  [1mSELECT  "users".* FROM "users" WHERE "users"."id" = ? LIMIT 1[0m  [["id", 1]]
  [1m[35mCACHE (0.0ms)[0m  SELECT  "beers".* FROM "beers" WHERE "beers"."id" = ? LIMIT 1  [["id", 1]]
  [1m[36mCACHE (0.0ms)[0m  [1mSELECT  "users".* FROM "users" WHERE "users"."id" = ? LIMIT 1[0m  [["id", 1]]
  [1m[35mCACHE (0.0ms)[0m  SELECT  "users".* FROM "users" WHERE "users"."id" = ? LIMIT 1  [["id", 1]]
  Rendered users/show.html.erb within layouts/application (130.9ms)
  [1m[36mCACHE (0.0ms)[0m  [1mSELECT  "users".* FROM "users" WHERE "users"."id" = ? LIMIT 1[0m  [["id", 1]]
  [1m[35mCACHE (0.0ms)[0m  SELECT  "users".* FROM "users" WHERE "users"."id" = ? LIMIT 1  [["id", 1]]
  [1m[36mCACHE (0.0ms)[0m  [1mSELECT  "users".* FROM "users" WHERE "users"."id" = ? LIMIT 1[0m  [["id", 1]]
Completed 200 OK in 346ms (Views: 342.1ms | ActiveRecord: 2.8ms)


Started GET "/memberships/new" for ::1 at 2017-02-09 16:23:03 +0200
Processing by MembershipsController#new as HTML
  [1m[35mUser Load (0.1ms)[0m  SELECT  "users".* FROM "users" WHERE "users"."id" = ? LIMIT 1  [["id", 1]]
  [1m[36mBeerClub Load (0.2ms)[0m  [1mSELECT "beer_clubs".* FROM "beer_clubs"[0m
  [1m[35mBeerClub Load (0.1ms)[0m  SELECT "beer_clubs".* FROM "beer_clubs" INNER JOIN "memberships" ON "beer_clubs"."id" = "memberships"."beer_club_id" WHERE "memberships"."user_id" = ?  [["user_id", 1]]
  Rendered memberships/_form.html.erb (42.2ms)
  Rendered memberships/new.html.erb within layouts/application (47.9ms)
  [1m[36mCACHE (0.0ms)[0m  [1mSELECT  "users".* FROM "users" WHERE "users"."id" = ? LIMIT 1[0m  [["id", 1]]
  [1m[35mCACHE (0.0ms)[0m  SELECT  "users".* FROM "users" WHERE "users"."id" = ? LIMIT 1  [["id", 1]]
  [1m[36mCACHE (0.0ms)[0m  [1mSELECT  "users".* FROM "users" WHERE "users"."id" = ? LIMIT 1[0m  [["id", 1]]
Completed 200 OK in 112ms (Views: 105.2ms | ActiveRecord: 0.7ms)


Started GET "/users" for ::1 at 2017-02-09 16:23:04 +0200
Processing by UsersController#index as HTML
  [1m[35mUser Load (0.3ms)[0m  SELECT "users".* FROM "users"
  Rendered users/index.html.erb within layouts/application (2.5ms)
  [1m[36mUser Load (0.1ms)[0m  [1mSELECT  "users".* FROM "users" WHERE "users"."id" = ? LIMIT 1[0m  [["id", 1]]
  [1m[35mCACHE (0.0ms)[0m  SELECT  "users".* FROM "users" WHERE "users"."id" = ? LIMIT 1  [["id", 1]]
  [1m[36mCACHE (0.0ms)[0m  [1mSELECT  "users".* FROM "users" WHERE "users"."id" = ? LIMIT 1[0m  [["id", 1]]
Completed 200 OK in 83ms (Views: 82.3ms | ActiveRecord: 0.5ms)


Started GET "/ratings" for ::1 at 2017-02-09 16:23:06 +0200
Processing by RatingsController#index as HTML
  [1m[35mRating Load (0.4ms)[0m  SELECT "ratings".* FROM "ratings"
  [1m[36mBeer Load (0.2ms)[0m  [1mSELECT  "beers".* FROM "beers" WHERE "beers"."id" = ? LIMIT 1[0m  [["id", 1]]
  [1m[35mUser Load (0.2ms)[0m  SELECT  "users".* FROM "users" WHERE "users"."id" = ? LIMIT 1  [["id", 1]]
  [1m[36mCACHE (0.0ms)[0m  [1mSELECT  "beers".* FROM "beers" WHERE "beers"."id" = ? LIMIT 1[0m  [["id", 1]]
  [1m[35mCACHE (0.0ms)[0m  SELECT  "users".* FROM "users" WHERE "users"."id" = ? LIMIT 1  [["id", 1]]
  Rendered ratings/index.html.erb within layouts/application (8.9ms)
  [1m[36mCACHE (0.0ms)[0m  [1mSELECT  "users".* FROM "users" WHERE "users"."id" = ? LIMIT 1[0m  [["id", 1]]
  [1m[35mCACHE (0.0ms)[0m  SELECT  "users".* FROM "users" WHERE "users"."id" = ? LIMIT 1  [["id", 1]]
  [1m[36mCACHE (0.0ms)[0m  [1mSELECT  "users".* FROM "users" WHERE "users"."id" = ? LIMIT 1[0m  [["id", 1]]
Completed 200 OK in 86ms (Views: 84.5ms | ActiveRecord: 0.8ms)


Started GET "/users" for ::1 at 2017-02-09 16:23:09 +0200
Processing by UsersController#index as HTML
  [1m[35mUser Load (0.7ms)[0m  SELECT "users".* FROM "users"
  Rendered users/index.html.erb within layouts/application (1.6ms)
  [1m[36mUser Load (0.1ms)[0m  [1mSELECT  "users".* FROM "users" WHERE "users"."id" = ? LIMIT 1[0m  [["id", 1]]
  [1m[35mCACHE (0.0ms)[0m  SELECT  "users".* FROM "users" WHERE "users"."id" = ? LIMIT 1  [["id", 1]]
  [1m[36mCACHE (0.0ms)[0m  [1mSELECT  "users".* FROM "users" WHERE "users"."id" = ? LIMIT 1[0m  [["id", 1]]
Completed 200 OK in 47ms (Views: 45.7ms | ActiveRecord: 0.9ms)


Started GET "/users/1" for ::1 at 2017-02-09 16:23:10 +0200
Processing by UsersController#show as HTML
  Parameters: {"id"=>"1"}
  [1m[35mUser Load (0.1ms)[0m  SELECT  "users".* FROM "users" WHERE "users"."id" = ? LIMIT 1  [["id", 1]]
  [1m[36m (0.1ms)[0m  [1mSELECT COUNT(*) FROM "ratings" WHERE "ratings"."user_id" = ?[0m  [["user_id", 1]]
  [1m[35mBeerClub Exists (0.1ms)[0m  SELECT  1 AS one FROM "beer_clubs" INNER JOIN "memberships" ON "beer_clubs"."id" = "memberships"."beer_club_id" WHERE "memberships"."user_id" = ? LIMIT 1  [["user_id", 1]]
  [1m[36mBeerClub Load (0.1ms)[0m  [1mSELECT "beer_clubs".* FROM "beer_clubs" INNER JOIN "memberships" ON "beer_clubs"."id" = "memberships"."beer_club_id" WHERE "memberships"."user_id" = ?[0m  [["user_id", 1]]
  [1m[35mRating Exists (0.1ms)[0m  SELECT  1 AS one FROM "ratings" WHERE "ratings"."user_id" = ? LIMIT 1  [["user_id", 1]]
  [1m[36mRating Load (0.1ms)[0m  [1mSELECT "ratings".* FROM "ratings" WHERE "ratings"."user_id" = ?[0m  [["user_id", 1]]
  [1m[35mCACHE (0.0ms)[0m  SELECT COUNT(*) FROM "ratings" WHERE "ratings"."user_id" = ?  [["user_id", 1]]
  [1m[36mBeer Load (0.1ms)[0m  [1mSELECT  "beers".* FROM "beers" WHERE "beers"."id" = ? LIMIT 1[0m  [["id", 1]]
  [1m[35mUser Load (0.1ms)[0m  SELECT  "users".* FROM "users" WHERE "users"."id" = ? LIMIT 1  [["id", 1]]
  [1m[36mCACHE (0.0ms)[0m  [1mSELECT  "beers".* FROM "beers" WHERE "beers"."id" = ? LIMIT 1[0m  [["id", 1]]
  [1m[35mCACHE (0.0ms)[0m  SELECT  "users".* FROM "users" WHERE "users"."id" = ? LIMIT 1  [["id", 1]]
  [1m[36mCACHE (0.0ms)[0m  [1mSELECT  "users".* FROM "users" WHERE "users"."id" = ? LIMIT 1[0m  [["id", 1]]
  Rendered users/show.html.erb within layouts/application (7.3ms)
  [1m[35mCACHE (0.0ms)[0m  SELECT  "users".* FROM "users" WHERE "users"."id" = ? LIMIT 1  [["id", 1]]
  [1m[36mCACHE (0.0ms)[0m  [1mSELECT  "users".* FROM "users" WHERE "users"."id" = ? LIMIT 1[0m  [["id", 1]]
  [1m[35mCACHE (0.0ms)[0m  SELECT  "users".* FROM "users" WHERE "users"."id" = ? LIMIT 1  [["id", 1]]
Completed 200 OK in 72ms (Views: 70.5ms | ActiveRecord: 0.6ms)
